20230307 06:06:11 INFO  [main] base.BasePage BasePage.java57 - Waiting for an Web elementusername elementfor its visiblity
20230307 06:06:11 INFO  [main] base.BasePage BasePage.java44 - passusername elementelement cleared
20230307 06:06:13 INFO  [main] base.BasePage BasePage.java57 - Waiting for an Web elementusername elementfor its visiblity
20230307 06:06:13 INFO  [main] base.BasePage BasePage.java44 - passusername elementelement cleared
20230307 06:09:11 INFO  [main] base.BasePage BasePage.java57 - Waiting for an Web elementusername elementfor its visiblity
20230307 06:09:11 INFO  [main] base.BasePage BasePage.java44 - passusername elementelement cleared
20230307 06:09:13 INFO  [main] base.BasePage BasePage.java57 - Waiting for an Web elementusername elementfor its visiblity
20230307 06:09:14 INFO  [main] base.BasePage BasePage.java44 - passusername elementelement cleared
20230307 06:12:19 INFO  [main] base.BasePage BasePage.java57 - Waiting for an Web elementusername elementfor its visiblity
20230307 06:12:19 INFO  [main] base.BasePage BasePage.java44 - passusername elementelement cleared
20230307 06:12:21 INFO  [main] base.BasePage BasePage.java57 - Waiting for an Web elementusername elementfor its visiblity
20230307 06:12:22 INFO  [main] base.BasePage BasePage.java44 - passusername elementelement cleared
20230307 06:14:26 INFO  [main] base.BasePage BasePage.java57 - Waiting for an Web elementusername elementfor its visiblity
20230307 06:14:26 INFO  [main] base.BasePage BasePage.java44 - passusername elementelement cleared
20230307 06:14:28 INFO  [main] base.BasePage BasePage.java57 - Waiting for an Web elementusername elementfor its visiblity
20230307 06:14:28 INFO  [main] base.BasePage BasePage.java44 - passusername elementelement cleared
20230307 06:14:31 INFO  [main] base.BasePage BasePage.java57 - Waiting for an Web elementusername elementfor its visiblity
20230307 06:14:31 INFO  [main] base.BasePage BasePage.java44 - passusername elementelement cleared
20230307 08:35:49 INFO  [main] base.BasePage BasePage.java57 - Waiting for an Web elementusername elementfor its visiblity
20230307 08:35:50 INFO  [main] base.BasePage BasePage.java44 - passusername elementelement cleared
20230307 08:35:52 INFO  [main] base.BasePage BasePage.java57 - Waiting for an Web elementusername elementfor its visiblity
20230307 08:35:52 INFO  [main] base.BasePage BasePage.java44 - passusername elementelement cleared
20230307 08:35:54 INFO  [main] base.BasePage BasePage.java57 - Waiting for an Web elementusername elementfor its visiblity
20230307 08:35:54 INFO  [main] base.BasePage BasePage.java44 - passusername elementelement cleared
20230307 08:44:36 INFO  [main] base.BasePage BasePage.java57 - Waiting for an Web elementusername elementfor its visiblity
20230307 08:44:36 INFO  [main] base.BasePage BasePage.java44 - passusername elementelement cleared
20230307 08:44:38 INFO  [main] base.BasePage BasePage.java57 - Waiting for an Web elementusername elementfor its visiblity
20230307 08:44:38 INFO  [main] base.BasePage BasePage.java44 - passusername elementelement cleared
20230307 08:44:40 INFO  [main] base.BasePage BasePage.java57 - Waiting for an Web elementusername elementfor its visiblity
20230307 08:44:41 INFO  [main] base.BasePage BasePage.java44 - passusername elementelement cleared
20230307 11:12:36 INFO  [main] base.BasePage BasePage.java31 - text entered in username elementfield
20230307 11:12:38 INFO  [main] base.BasePage BasePage.java31 - text entered in username elementfield
20230307 11:12:41 INFO  [main] base.BasePage BasePage.java31 - text entered in username elementfield
20230307 11:14:50 INFO  [main] base.BasePage BasePage.java31 - text entered in username elementfield
20230307 11:14:52 INFO  [main] base.BasePage BasePage.java31 - text entered in username elementfield
20230307 11:14:54 INFO  [main] base.BasePage BasePage.java31 - text entered in username elementfield
20230307 11:20:23 INFO  [main] base.BasePage BasePage.java31 - text entered in username elementfield
20230307 11:20:24 INFO  [main] base.BasePage BasePage.java77 - login buttonis clicked
20230307 11:20:26 INFO  [main] base.BasePage BasePage.java31 - text entered in username elementfield
20230307 11:20:26 INFO  [main] base.BasePage BasePage.java31 - text entered in password elementfield
20230307 11:20:28 INFO  [main] base.BasePage BasePage.java77 - login buttonis clicked
20230307 11:20:30 INFO  [main] base.BasePage BasePage.java31 - text entered in username elementfield
20230307 11:20:30 INFO  [main] base.BasePage BasePage.java31 - text entered in password elementfield
20230307 11:27:08 INFO  [main] base.BasePage BasePage.java31 - text entered in username elementfield
20230307 11:27:08 INFO  [main] base.BasePage BasePage.java77 - login buttonis clicked
20230307 11:27:10 INFO  [main] base.BasePage BasePage.java31 - text entered in username elementfield
20230307 11:27:10 INFO  [main] base.BasePage BasePage.java31 - text entered in password elementfield
20230307 11:27:14 INFO  [main] base.BasePage BasePage.java77 - login buttonis clicked
20230307 11:27:16 INFO  [main] base.BasePage BasePage.java31 - text entered in username elementfield
20230307 11:27:16 INFO  [main] base.BasePage BasePage.java31 - text entered in password elementfield
20230307 11:44:48 INFO  [main] base.BasePage BasePage.java31 - text entered in username elementfield
20230307 11:44:48 INFO  [main] base.BasePage BasePage.java77 - login buttonis clicked
20230307 11:44:51 INFO  [main] base.BasePage BasePage.java31 - text entered in username elementfield
20230307 11:44:51 INFO  [main] base.BasePage BasePage.java31 - text entered in password elementfield
20230307 11:44:53 INFO  [main] base.BasePage BasePage.java77 - login buttonis clicked
20230307 11:44:55 INFO  [main] base.BasePage BasePage.java31 - text entered in username elementfield
20230307 11:44:55 INFO  [main] base.BasePage BasePage.java31 - text entered in password elementfield
20230307 11:46:31 INFO  [main] base.BasePage BasePage.java31 - text entered in username elementfield
20230307 11:46:32 INFO  [main] base.BasePage BasePage.java77 - login buttonis clicked
20230307 11:46:34 INFO  [main] base.BasePage BasePage.java31 - text entered in username elementfield
20230307 11:46:34 INFO  [main] base.BasePage BasePage.java31 - text entered in password elementfield
20230307 11:46:36 INFO  [main] base.BasePage BasePage.java77 - login buttonis clicked
20230307 11:46:38 INFO  [main] base.BasePage BasePage.java31 - text entered in username elementfield
20230307 11:46:38 INFO  [main] base.BasePage BasePage.java31 - text entered in password elementfield
20230307 12:11:19 INFO  [main] base.BasePage BasePage.java31 - text entered in username elementfield
20230307 12:11:19 INFO  [main] base.BasePage BasePage.java77 - login buttonis clicked
20230307 12:11:22 INFO  [main] base.BasePage BasePage.java31 - text entered in username elementfield
20230307 12:11:22 INFO  [main] base.BasePage BasePage.java31 - text entered in password elementfield
20230307 12:11:24 INFO  [main] base.BasePage BasePage.java77 - login buttonis clicked
20230307 12:11:27 INFO  [main] base.BasePage BasePage.java31 - text entered in username elementfield
20230307 12:11:27 INFO  [main] base.BasePage BasePage.java31 - text entered in password elementfield
20230307 12:18:35 INFO  [main] base.BasePage BasePage.java31 - text entered in username elementfield
20230307 12:18:35 INFO  [main] base.BasePage BasePage.java77 - login buttonis clicked
20230307 12:18:38 INFO  [main] base.BasePage BasePage.java31 - text entered in username elementfield
20230307 12:18:38 INFO  [main] base.BasePage BasePage.java31 - text entered in password elementfield
20230307 12:18:40 INFO  [main] base.BasePage BasePage.java77 - login buttonis clicked
20230307 12:18:43 INFO  [main] base.BasePage BasePage.java31 - text entered in username elementfield
20230307 12:18:43 INFO  [main] base.BasePage BasePage.java31 - text entered in password elementfield
20230307 14:15:41 INFO  [main] base.BasePage BasePage.java31 - text entered in username elementfield
20230307 14:15:41 INFO  [main] base.BasePage BasePage.java77 - login buttonis clicked
20230307 14:15:44 INFO  [main] base.BasePage BasePage.java31 - text entered in username elementfield
20230307 14:15:44 INFO  [main] base.BasePage BasePage.java31 - text entered in password elementfield
20230307 14:15:46 INFO  [main] base.BasePage BasePage.java77 - login buttonis clicked
20230307 14:15:48 INFO  [main] base.BasePage BasePage.java31 - text entered in username elementfield
20230307 14:15:48 INFO  [main] base.BasePage BasePage.java31 - text entered in password elementfield
20230307 18:12:00 INFO  [main] base.BasePage BasePage.java31 - text entered in username elementfield
20230307 18:12:00 INFO  [main] base.BasePage BasePage.java77 - login buttonis clicked
20230307 18:12:03 INFO  [main] base.BasePage BasePage.java31 - text entered in username elementfield
20230307 18:12:03 INFO  [main] base.BasePage BasePage.java31 - text entered in password elementfield
20230307 18:12:06 INFO  [main] base.BasePage BasePage.java77 - login buttonis clicked
20230307 18:12:09 INFO  [main] base.BasePage BasePage.java31 - text entered in username elementfield
20230307 18:12:09 INFO  [main] base.BasePage BasePage.java31 - text entered in password elementfield
20230307 18:13:44 INFO  [main] base.BasePage BasePage.java31 - text entered in username elementfield
20230307 18:13:44 INFO  [main] base.BasePage BasePage.java77 - login buttonis clicked
20230307 18:13:47 INFO  [main] base.BasePage BasePage.java31 - text entered in username elementfield
20230307 18:13:47 INFO  [main] base.BasePage BasePage.java31 - text entered in password elementfield
20230307 18:13:50 INFO  [main] base.BasePage BasePage.java77 - login buttonis clicked
20230307 18:13:53 INFO  [main] base.BasePage BasePage.java31 - text entered in username elementfield
20230307 18:13:53 INFO  [main] base.BasePage BasePage.java31 - text entered in password elementfield
20230307 18:19:27 INFO  [main] base.BasePage BasePage.java31 - text entered in username elementfield
20230307 18:19:28 INFO  [main] base.BasePage BasePage.java77 - login buttonis clicked
20230307 18:19:31 INFO  [main] base.BasePage BasePage.java31 - text entered in username elementfield
20230307 18:19:31 INFO  [main] base.BasePage BasePage.java31 - text entered in password elementfield
20230307 18:19:34 INFO  [main] base.BasePage BasePage.java77 - login buttonis clicked
20230307 18:19:37 INFO  [main] base.BasePage BasePage.java31 - text entered in username elementfield
20230307 18:19:37 INFO  [main] base.BasePage BasePage.java31 - text entered in password elementfield
20230307 18:20:58 INFO  [main] base.BasePage BasePage.java31 - text entered in username elementfield
20230307 18:20:58 INFO  [main] base.BasePage BasePage.java77 - login buttonis clicked
20230307 18:21:01 INFO  [main] base.BasePage BasePage.java31 - text entered in username elementfield
20230307 18:21:01 INFO  [main] base.BasePage BasePage.java31 - text entered in password elementfield
20230307 18:21:04 INFO  [main] base.BasePage BasePage.java77 - login buttonis clicked
20230307 18:21:06 INFO  [main] base.BasePage BasePage.java31 - text entered in username elementfield
20230307 18:21:06 INFO  [main] base.BasePage BasePage.java31 - text entered in password elementfield
20230307 18:22:42 INFO  [main] base.BasePage BasePage.java31 - text entered in username elementfield
20230307 18:22:42 INFO  [main] base.BasePage BasePage.java77 - login buttonis clicked
20230307 18:22:45 INFO  [main] base.BasePage BasePage.java31 - text entered in username elementfield
20230307 18:22:45 INFO  [main] base.BasePage BasePage.java31 - text entered in password elementfield
20230307 18:22:45 INFO  [main] base.BasePage BasePage.java77 - login buttonis clicked
20230307 18:22:48 INFO  [main] base.BasePage BasePage.java31 - text entered in username elementfield
20230307 18:22:48 INFO  [main] base.BasePage BasePage.java31 - text entered in password elementfield
20230316 16:03:42 INFO  [main] base.BasePage BasePage.java31 - text entered in username elementfield
20230316 16:03:43 INFO  [main] base.BasePage BasePage.java77 - login buttonis clicked
20230316 16:03:46 INFO  [main] base.BasePage BasePage.java31 - text entered in username elementfield
20230316 16:03:46 INFO  [main] base.BasePage BasePage.java31 - text entered in password elementfield
20230316 16:03:46 INFO  [main] base.BasePage BasePage.java77 - login buttonis clicked
20230316 16:03:49 INFO  [main] base.BasePage BasePage.java31 - text entered in username elementfield
20230316 16:03:50 INFO  [main] base.BasePage BasePage.java31 - text entered in password elementfield
20230316 16:53:55 INFO  [main] base.BasePage BasePage.java31 - text entered in username elementfield
20230316 16:53:55 INFO  [main] base.BasePage BasePage.java77 - login buttonis clicked
20230316 16:53:59 INFO  [main] base.BasePage BasePage.java31 - text entered in username elementfield
20230316 16:53:59 INFO  [main] base.BasePage BasePage.java31 - text entered in password elementfield
20230316 16:54:02 INFO  [main] base.BasePage BasePage.java77 - login buttonis clicked
20230316 16:54:05 INFO  [main] base.BasePage BasePage.java31 - text entered in username elementfield
20230316 16:54:05 INFO  [main] base.BasePage BasePage.java31 - text entered in password elementfield
20230316 18:20:24 INFO  [main] base.BasePage BasePage.java31 - text entered in username elementfield
20230316 18:20:25 INFO  [main] base.BasePage BasePage.java77 - login buttonis clicked
20230316 18:20:27 INFO  [main] base.BasePage BasePage.java31 - text entered in username elementfield
20230316 18:20:27 INFO  [main] base.BasePage BasePage.java31 - text entered in password elementfield
20230316 18:20:30 INFO  [main] base.BasePage BasePage.java77 - login buttonis clicked
20230316 18:20:32 INFO  [main] base.BasePage BasePage.java31 - text entered in username elementfield
20230316 18:20:32 INFO  [main] base.BasePage BasePage.java31 - text entered in password elementfield
20230316 20:05:06 INFO  [main] base.BasePage BasePage.java31 - text entered in username elementfield
20230316 20:05:07 INFO  [main] base.BasePage BasePage.java78 - login buttonis clicked
20230316 20:05:09 INFO  [main] base.BasePage BasePage.java31 - text entered in username elementfield
20230316 20:05:09 INFO  [main] base.BasePage BasePage.java31 - text entered in password elementfield
20230316 20:05:12 INFO  [main] base.BasePage BasePage.java78 - login buttonis clicked
20230316 20:05:18 INFO  [main] base.BasePage BasePage.java31 - text entered in username elementfield
20230316 20:05:19 INFO  [main] base.BasePage BasePage.java31 - text entered in password elementfield
20230316 20:09:02 INFO  [main] base.BasePage BasePage.java31 - text entered in username elementfield
20230316 20:09:03 INFO  [main] base.BasePage BasePage.java78 - login buttonis clicked
20230316 20:09:06 INFO  [main] base.BasePage BasePage.java31 - text entered in username elementfield
20230316 20:09:06 INFO  [main] base.BasePage BasePage.java31 - text entered in password elementfield
20230316 20:09:08 INFO  [main] base.BasePage BasePage.java78 - login buttonis clicked
20230316 20:09:16 INFO  [main] base.BasePage BasePage.java31 - text entered in username elementfield
20230316 20:09:16 INFO  [main] base.BasePage BasePage.java31 - text entered in password elementfield
20230319 12:17:17 INFO  [main] base.BasePage BasePage.java31 - text entered in username elementfield
20230319 12:17:18 INFO  [main] base.BasePage BasePage.java78 - login buttonis clicked
20230319 12:17:21 INFO  [main] base.BasePage BasePage.java31 - text entered in username elementfield
20230319 12:17:21 INFO  [main] base.BasePage BasePage.java31 - text entered in password elementfield
20230319 12:17:24 INFO  [main] base.BasePage BasePage.java78 - login buttonis clicked
20230319 12:17:34 INFO  [main] base.BasePage BasePage.java31 - text entered in username elementfield
20230319 12:17:34 INFO  [main] base.BasePage BasePage.java31 - text entered in password elementfield
20230319 12:19:51 INFO  [main] base.BasePage BasePage.java31 - text entered in username elementfield
20230319 12:19:52 INFO  [main] base.BasePage BasePage.java78 - login buttonis clicked
20230319 12:19:56 INFO  [main] base.BasePage BasePage.java31 - text entered in username elementfield
20230319 12:19:56 INFO  [main] base.BasePage BasePage.java31 - text entered in password elementfield
20230319 12:20:02 INFO  [main] base.BasePage BasePage.java78 - login buttonis clicked
20230319 12:20:04 INFO  [main] base.BasePage BasePage.java31 - text entered in username elementfield
20230319 12:20:04 INFO  [main] base.BasePage BasePage.java31 - text entered in password elementfield
20230319 12:28:47 INFO  [main] base.BasePage BasePage.java31 - text entered in username elementfield
20230319 12:28:48 INFO  [main] base.BasePage BasePage.java78 - login buttonis clicked
20230319 12:28:51 INFO  [main] base.BasePage BasePage.java31 - text entered in username elementfield
20230319 12:28:51 INFO  [main] base.BasePage BasePage.java31 - text entered in password elementfield
20230319 12:28:58 INFO  [main] base.BasePage BasePage.java78 - login buttonis clicked
20230319 12:29:02 INFO  [main] base.BasePage BasePage.java31 - text entered in username elementfield
20230319 12:29:02 INFO  [main] base.BasePage BasePage.java31 - text entered in password elementfield
20230319 12:33:37 INFO  [main] base.BasePage BasePage.java31 - text entered in username elementfield
20230319 12:33:38 INFO  [main] base.BasePage BasePage.java78 - login buttonis clicked
20230319 12:33:40 INFO  [main] base.BasePage BasePage.java31 - text entered in username elementfield
20230319 12:33:40 INFO  [main] base.BasePage BasePage.java31 - text entered in password elementfield
20230319 12:33:44 INFO  [main] base.BasePage BasePage.java78 - login buttonis clicked
20230319 12:33:52 INFO  [main] base.BasePage BasePage.java31 - text entered in username elementfield
20230319 12:33:52 INFO  [main] base.BasePage BasePage.java31 - text entered in password elementfield
20230319 12:47:07 INFO  [main] base.BasePage BasePage.java31 - text entered in username elementfield
20230319 12:47:07 INFO  [main] base.BasePage BasePage.java78 - login buttonis clicked
20230319 12:47:11 INFO  [main] base.BasePage BasePage.java31 - text entered in username elementfield
20230319 12:47:11 INFO  [main] base.BasePage BasePage.java31 - text entered in password elementfield
20230319 12:47:14 INFO  [main] base.BasePage BasePage.java78 - login buttonis clicked
20230319 12:47:21 INFO  [main] base.BasePage BasePage.java31 - text entered in username elementfield
20230319 12:47:21 INFO  [main] base.BasePage BasePage.java31 - text entered in password elementfield
20230319 12:47:21 INFO  [main] base.BasePage BasePage.java78 - remember me buttonis clicked
20230319 12:47:24 INFO  [main] base.BasePage BasePage.java78 - login buttonis clicked
20230319 12:47:28 INFO  [main] base.BasePage BasePage.java78 - User menuis clicked
20230319 12:47:28 INFO  [main] base.BasePage BasePage.java78 - logout from User menuis clicked
20230319 12:47:31 INFO  [main] base.BasePage BasePage.java78 - Forgot Password link is clicked
20230319 12:47:31 INFO  [main] base.BasePage BasePage.java31 - text entered in username element for email confirmation field
20230319 12:51:52 INFO  [main] base.BasePage BasePage.java31 - text entered in username elementfield
20230319 12:51:52 INFO  [main] base.BasePage BasePage.java31 - text entered in password elementfield
20230319 12:51:52 INFO  [main] base.BasePage BasePage.java78 - remember me buttonis clicked
20230319 12:51:55 INFO  [main] base.BasePage BasePage.java78 - login buttonis clicked
20230319 12:52:01 INFO  [main] base.BasePage BasePage.java78 - User menuis clicked
20230319 12:52:01 INFO  [main] base.BasePage BasePage.java78 - logout from User menuis clicked
20230319 13:00:16 INFO  [main] base.BasePage BasePage.java31 - text entered in username elementfield
20230319 13:00:16 INFO  [main] base.BasePage BasePage.java31 - text entered in password elementfield
20230319 13:00:17 INFO  [main] base.BasePage BasePage.java78 - remember me buttonis clicked
20230319 13:00:20 INFO  [main] base.BasePage BasePage.java78 - login buttonis clicked
20230319 13:00:25 INFO  [main] base.BasePage BasePage.java78 - User menuis clicked
20230319 13:00:25 INFO  [main] base.BasePage BasePage.java78 - logout from User menuis clicked
20230319 13:01:57 INFO  [main] base.BasePage BasePage.java78 - Forgot Password link is clicked
20230319 13:01:58 INFO  [main] base.BasePage BasePage.java31 - text entered in username element for email confirmation field
20230319 13:10:00 INFO  [main] base.BasePage BasePage.java78 - Forgot Password link is clicked
20230319 13:10:00 INFO  [main] base.BasePage BasePage.java31 - text entered in username element for email confirmation field
20230319 13:10:01 INFO  [main] base.BasePage BasePage.java78 - continue element is clicked
20230319 13:11:12 INFO  [main] base.BasePage BasePage.java78 - Forgot Password link is clicked
20230319 13:11:13 INFO  [main] base.BasePage BasePage.java31 - text entered in username element for email confirmation field
20230319 13:11:14 INFO  [main] base.BasePage BasePage.java78 - continue element is clicked
20230319 13:11:58 INFO  [main] base.BasePage BasePage.java31 - text entered in wrong username elementfield
20230319 13:11:58 INFO  [main] base.BasePage BasePage.java31 - text entered in wrong password elementfield
20230319 13:12:09 INFO  [main] base.BasePage BasePage.java78 - login buttonis clicked
20230319 13:22:24 INFO  [main] base.BasePage BasePage.java31 - text entered in username elementfield
20230319 13:22:25 INFO  [main] base.BasePage BasePage.java78 - login buttonis clicked
20230319 13:22:27 INFO  [main] base.BasePage BasePage.java31 - text entered in username elementfield
20230319 13:22:27 INFO  [main] base.BasePage BasePage.java31 - text entered in password elementfield
20230319 13:22:36 INFO  [main] base.BasePage BasePage.java78 - login buttonis clicked
20230319 13:22:38 INFO  [main] base.BasePage BasePage.java31 - text entered in username elementfield
20230319 13:22:39 INFO  [main] base.BasePage BasePage.java31 - text entered in password elementfield
20230319 13:22:39 INFO  [main] base.BasePage BasePage.java78 - remember me buttonis clicked
20230319 13:22:42 INFO  [main] base.BasePage BasePage.java78 - login buttonis clicked
20230319 13:22:46 INFO  [main] base.BasePage BasePage.java78 - User menuis clicked
20230319 13:22:46 INFO  [main] base.BasePage BasePage.java78 - logout from User menuis clicked
20230319 13:22:52 INFO  [main] base.BasePage BasePage.java78 - Forgot Password link is clicked
20230319 13:22:53 INFO  [main] base.BasePage BasePage.java31 - text entered in username element for email confirmation field
20230319 13:22:54 INFO  [main] base.BasePage BasePage.java78 - continue element is clicked
20230319 13:22:56 INFO  [main] base.BasePage BasePage.java31 - text entered in wrong username elementfield
20230319 13:22:56 INFO  [main] base.BasePage BasePage.java31 - text entered in wrong password elementfield
20230319 13:23:07 INFO  [main] base.BasePage BasePage.java78 - login buttonis clicked
20230319 13:27:23 INFO  [main] base.BasePage BasePage.java31 - text entered in username elementfield
20230319 13:27:23 INFO  [main] base.BasePage BasePage.java78 - login buttonis clicked
20230319 13:27:26 INFO  [main] base.BasePage BasePage.java31 - text entered in username elementfield
20230319 13:27:26 INFO  [main] base.BasePage BasePage.java31 - text entered in password elementfield
20230319 13:27:29 INFO  [main] base.BasePage BasePage.java78 - login buttonis clicked
20230319 13:27:36 INFO  [main] base.BasePage BasePage.java31 - text entered in username elementfield
20230319 13:27:37 INFO  [main] base.BasePage BasePage.java31 - text entered in password elementfield
20230319 13:27:37 INFO  [main] base.BasePage BasePage.java78 - remember me buttonis clicked
20230319 13:27:40 INFO  [main] base.BasePage BasePage.java78 - login buttonis clicked
20230319 13:27:44 INFO  [main] base.BasePage BasePage.java78 - User menuis clicked
20230319 13:27:44 INFO  [main] base.BasePage BasePage.java78 - logout from User menuis clicked
20230319 13:27:51 INFO  [main] base.BasePage BasePage.java78 - Forgot Password link is clicked
20230319 13:27:51 INFO  [main] base.BasePage BasePage.java31 - text entered in username element for email confirmation field
20230319 13:27:52 INFO  [main] base.BasePage BasePage.java78 - continue element is clicked
20230319 13:27:54 INFO  [main] base.BasePage BasePage.java31 - text entered in wrong username elementfield
20230319 13:27:54 INFO  [main] base.BasePage BasePage.java31 - text entered in wrong password elementfield
20230319 13:28:07 INFO  [main] base.BasePage BasePage.java78 - login buttonis clicked
20230319 13:29:22 INFO  [main] base.BasePage BasePage.java31 - text entered in username elementfield
20230319 13:29:22 INFO  [main] base.BasePage BasePage.java78 - login buttonis clicked
20230319 13:29:25 INFO  [main] base.BasePage BasePage.java31 - text entered in username elementfield
20230319 13:29:25 INFO  [main] base.BasePage BasePage.java31 - text entered in password elementfield
20230319 13:29:27 INFO  [main] base.BasePage BasePage.java78 - login buttonis clicked
20230319 13:29:34 INFO  [main] base.BasePage BasePage.java31 - text entered in username elementfield
20230319 13:29:34 INFO  [main] base.BasePage BasePage.java31 - text entered in password elementfield
20230319 13:29:34 INFO  [main] base.BasePage BasePage.java78 - remember me buttonis clicked
20230319 13:29:37 INFO  [main] base.BasePage BasePage.java78 - login buttonis clicked
20230319 13:29:41 INFO  [main] base.BasePage BasePage.java78 - User menuis clicked
20230319 13:29:42 INFO  [main] base.BasePage BasePage.java78 - logout from User menuis clicked
20230319 13:29:50 INFO  [main] base.BasePage BasePage.java78 - Forgot Password link is clicked
20230319 13:29:50 INFO  [main] base.BasePage BasePage.java31 - text entered in username element for email confirmation field
20230319 13:29:51 INFO  [main] base.BasePage BasePage.java78 - continue element is clicked
20230319 13:29:53 INFO  [main] base.BasePage BasePage.java31 - text entered in wrong username elementfield
20230319 13:29:54 INFO  [main] base.BasePage BasePage.java31 - text entered in wrong password elementfield
20230319 13:30:09 INFO  [main] base.BasePage BasePage.java78 - login buttonis clicked
20230319 13:35:10 INFO  [main] base.BasePage BasePage.java31 - text entered in username elementfield
20230319 13:35:10 INFO  [main] base.BasePage BasePage.java78 - login buttonis clicked
20230319 13:35:13 INFO  [main] base.BasePage BasePage.java31 - text entered in username elementfield
20230319 13:35:13 INFO  [main] base.BasePage BasePage.java31 - text entered in password elementfield
20230319 13:35:16 INFO  [main] base.BasePage BasePage.java78 - login buttonis clicked
20230319 13:35:23 INFO  [main] base.BasePage BasePage.java31 - text entered in username elementfield
20230319 13:35:24 INFO  [main] base.BasePage BasePage.java31 - text entered in password elementfield
20230319 13:35:24 INFO  [main] base.BasePage BasePage.java78 - remember me buttonis clicked
20230319 13:35:28 INFO  [main] base.BasePage BasePage.java78 - login buttonis clicked
20230319 13:35:35 INFO  [main] base.BasePage BasePage.java78 - User menuis clicked
20230319 13:35:35 INFO  [main] base.BasePage BasePage.java78 - logout from User menuis clicked
20230319 13:35:41 INFO  [main] base.BasePage BasePage.java78 - Forgot Password link is clicked
20230319 13:35:41 INFO  [main] base.BasePage BasePage.java31 - text entered in username element for email confirmation field
20230319 13:35:42 INFO  [main] base.BasePage BasePage.java78 - continue element is clicked
20230319 13:35:45 INFO  [main] base.BasePage BasePage.java31 - text entered in wrong username elementfield
20230319 13:35:45 INFO  [main] base.BasePage BasePage.java31 - text entered in wrong password elementfield
20230319 13:35:57 INFO  [main] base.BasePage BasePage.java78 - login buttonis clicked
20230319 15:55:48 INFO  [main] base.BasePage BasePage.java31 - text entered in username elementfield
20230319 15:55:49 INFO  [main] base.BasePage BasePage.java78 - login buttonis clicked
20230319 15:55:52 INFO  [main] base.BasePage BasePage.java31 - text entered in username elementfield
20230319 15:55:53 INFO  [main] base.BasePage BasePage.java31 - text entered in password elementfield
20230319 15:56:05 INFO  [main] base.BasePage BasePage.java78 - login buttonis clicked
20230319 15:56:10 INFO  [main] base.BasePage BasePage.java31 - text entered in username elementfield
20230319 15:56:10 INFO  [main] base.BasePage BasePage.java31 - text entered in password elementfield
20230319 15:56:10 INFO  [main] base.BasePage BasePage.java78 - remember me buttonis clicked
20230319 15:56:24 INFO  [main] base.BasePage BasePage.java78 - login buttonis clicked
20230319 15:56:24 INFO  [main] base.BasePage BasePage.java78 - User menuis clicked
20230319 15:56:25 INFO  [main] base.BasePage BasePage.java78 - logout from User menuis clicked
20230319 15:56:33 INFO  [main] base.BasePage BasePage.java78 - Forgot Password link is clicked
20230319 15:56:33 INFO  [main] base.BasePage BasePage.java31 - text entered in username element for email confirmation field
20230319 15:56:34 INFO  [main] base.BasePage BasePage.java78 - continue element is clicked
20230319 15:56:37 INFO  [main] base.BasePage BasePage.java31 - text entered in wrong username elementfield
20230319 15:56:38 INFO  [main] base.BasePage BasePage.java31 - text entered in wrong password elementfield
20230319 15:56:50 INFO  [main] base.BasePage BasePage.java78 - login buttonis clicked
20230319 16:01:03 INFO  [main] base.BasePage BasePage.java31 - text entered in username elementfield
20230319 16:01:03 INFO  [main] base.BasePage BasePage.java78 - login buttonis clicked
20230319 16:01:10 INFO  [main] base.BasePage BasePage.java31 - text entered in username elementfield
20230319 16:01:11 INFO  [main] base.BasePage BasePage.java31 - text entered in password elementfield
20230319 16:01:13 INFO  [main] base.BasePage BasePage.java78 - login buttonis clicked
20230319 16:01:19 INFO  [main] base.BasePage BasePage.java31 - text entered in username elementfield
20230319 16:01:19 INFO  [main] base.BasePage BasePage.java31 - text entered in password elementfield
20230319 16:01:20 INFO  [main] base.BasePage BasePage.java78 - remember me buttonis clicked
20230319 16:01:23 INFO  [main] base.BasePage BasePage.java78 - login buttonis clicked
20230319 16:01:27 INFO  [main] base.BasePage BasePage.java78 - User menuis clicked
20230319 16:01:27 INFO  [main] base.BasePage BasePage.java78 - logout from User menuis clicked
20230319 16:01:33 INFO  [main] base.BasePage BasePage.java78 - Forgot Password link is clicked
20230319 16:01:36 INFO  [main] base.BasePage BasePage.java31 - text entered in wrong username elementfield
20230319 16:01:36 INFO  [main] base.BasePage BasePage.java31 - text entered in wrong password elementfield
20230319 16:01:47 INFO  [main] base.BasePage BasePage.java78 - login buttonis clicked
20230319 16:05:35 INFO  [main] base.BasePage BasePage.java31 - text entered in username elementfield
20230319 16:05:35 INFO  [main] base.BasePage BasePage.java78 - login buttonis clicked
20230319 16:05:38 INFO  [main] base.BasePage BasePage.java31 - text entered in username elementfield
20230319 16:05:38 INFO  [main] base.BasePage BasePage.java31 - text entered in password elementfield
20230319 16:05:46 INFO  [main] base.BasePage BasePage.java78 - login buttonis clicked
20230319 16:05:48 INFO  [main] base.BasePage BasePage.java31 - text entered in username elementfield
20230319 16:05:48 INFO  [main] base.BasePage BasePage.java31 - text entered in password elementfield
20230319 16:05:48 INFO  [main] base.BasePage BasePage.java78 - remember me buttonis clicked
20230319 16:05:51 INFO  [main] base.BasePage BasePage.java78 - login buttonis clicked
20230319 16:05:55 INFO  [main] base.BasePage BasePage.java78 - User menuis clicked
20230319 16:05:55 INFO  [main] base.BasePage BasePage.java78 - logout from User menuis clicked
20230319 16:06:02 INFO  [main] base.BasePage BasePage.java78 - Forgot Password link is clicked
20230319 16:06:07 INFO  [main] base.BasePage BasePage.java31 - text entered in username element for email confirmation field
20230319 16:06:08 INFO  [main] base.BasePage BasePage.java78 - continue element is clicked
20230319 16:06:10 INFO  [main] base.BasePage BasePage.java31 - text entered in wrong username elementfield
20230319 16:06:10 INFO  [main] base.BasePage BasePage.java31 - text entered in wrong password elementfield
20230319 16:06:22 INFO  [main] base.BasePage BasePage.java78 - login buttonis clicked
