20230218 11:56:13 INFO  [main] SFDCLogin_TC1_4.Login Login.java27 - Expected webpage is : https://tekarch70-dev-ed.develop.my.salesforce.com/setup/forcecomHomepage.apexp?setupid=ForceCom
20230218 11:56:13 INFO  [main] SFDCLogin_TC1_4.Login Login.java28 - Actual webpage is : https://tekarch70-dev-ed.develop.my.salesforce.com/_ui/identity/verification/method/EmailVerificationFinishUi/e?vcsrf=Bt5JWH8Ep8TPj5Qd_tUbyyFJqcRiItef_I38p3TqtMVfxw8eib1hLQRbsRp1AZfB1HD3CAMygiM6WALab8dRpDKGQbS5TU7VsUC1EEw4IsvwdC45NHb1vaGRne87qhEnv1HUT9Ti8gAfL9CWf-bzPf6PmFrqPMH5XSa5PazBk1efpyktDaTg35LGQgn31sS7kWMnhHWWAx-TK7SpxrnM4reqfXMKkq3xvPF8Yr87xei1jipyfbh-oO7aAJtDUFY9MdyBdb3-N-lMVvBUsqVH5Hiy_JLBZcEu7JQu7B-zDCb9wN0qyp_ingRhCk6IUPF_ea6vxsdYXCGyN5fAFxlShiLXZH_3LTjqLtzwQDEHHI7niXRZWv76c0M80y0JjqTdYcOYfwmKsk6hhHDAnjs2m-hUEqJkq2TKXKL52_sOzsBziYGk6GsyIflIGQnJhw0TeSmhlmVjZvBSEnQSEwkKLXyPcAktLnTBzP3Am6eHCjg2IEbB9BSrEgZ1to9EIqheaBMpfT9rHaxfXBKbrV8FYDWz-4mAphqjETKa0rJrC8n2iC_YcfF9QM2aK7_HTyb6vMdRY-P9axNojNU6ot5lSV6DKjRaDM0HFkamhmvkyp6naPkdzW_pm71A-aW6Yqks7HNg3hTVsdG_JvQUp6Mk6t8DZNw23hMdavAVLjzRkoI%3D&vpol=ic&vflid=0&vfgrp=1684842964&retURL=%2Fsecur%2Ffrontdoor.jsp%3Fallp%3D1%26cshc%3Dn000004nUvnn00000ACpTC%26apv%3D1%26display%3Dpage%26ucs%3D1
20230218 16:23:07 INFO  [main] Reusable.BaseClass BaseClass.java71 - 
20230218 16:23:18 INFO  [main] UserMenuDropDown_TC5_9.Dropdown_TC5_6 Dropdown_TC5_6.java35 - User Menu drop down 
20230219 08:59:25 INFO  [main] Reusable.BaseClass BaseClass.java71 - 
20230219 08:59:33 INFO  [main] UserMenuDropDown_TC5_9.Dropdown_TC5_6 Dropdown_TC5_6.java35 - User Menu drop down 
20230219 09:00:59 INFO  [main] Reusable.BaseClass BaseClass.java71 - 
20230219 09:01:08 INFO  [main] UserMenuDropDown_TC5_9.Dropdown_TC5_6 Dropdown_TC5_6.java35 - User Menu drop down 
20230219 14:44:13 INFO  [main] Reusable.BaseClass BaseClass.java146 - pass : login Buttonelement clicked
20230219 14:50:30 INFO  [main] Reusable.BaseClass BaseClass.java146 - pass : login Buttonelement clicked
20230219 14:53:38 INFO  [main] Reusable.BaseClass BaseClass.java151 - pass : login Buttonelement clicked
20230219 14:56:27 INFO  [main] Reusable.BaseClass BaseClass.java151 - pass : login Buttonelement clicked
20230219 15:07:12 INFO  [main] Reusable.BaseClass BaseClass.java151 - pass : login Buttonelement clicked
20230220 12:59:18 INFO  [main] Reusable.BaseClass BaseClass.java151 - pass : login Buttonelement clicked
20230220 13:06:49 INFO  [main] Reusable.BaseClass BaseClass.java151 - pass : login Buttonelement clicked
20230220 14:08:56 INFO  [main] Reusable.BaseClass BaseClass.java151 - pass : login Buttonelement clicked
20230220 14:09:48 INFO  [main] Reusable.BaseClass BaseClass.java151 - pass : login Buttonelement clicked
20230220 14:18:54 INFO  [main] Reusable.BaseClass BaseClass.java150 - pass : login Buttonelement clicked
20230220 14:22:21 INFO  [main] Reusable.BaseClass BaseClass.java150 - pass : login Buttonelement clicked
20230220 14:28:47 INFO  [main] Reusable.BaseClass BaseClass.java150 - pass : login Buttonelement clicked
20230221 08:15:48 INFO  [main] Reusable.BaseClass BaseClass.java150 - pass : login Buttonelement clicked
20230221 08:23:00 INFO  [main] Reusable.BaseClass BaseClass.java150 - pass : login Buttonelement clicked
20230221 08:30:25 INFO  [main] Reusable.BaseClass BaseClass.java150 - pass : login Buttonelement clicked
20230221 08:40:18 INFO  [main] Reusable.BaseClass BaseClass.java150 - pass : login Buttonelement clicked
20230221 23:02:41 INFO  [main] Reusable.BaseClass BaseClass.java159 - pass : login Buttonelement clicked
20230221 23:04:30 INFO  [main] Reusable.BaseClass BaseClass.java159 - pass : login Buttonelement clicked
20230221 23:11:32 INFO  [main] Reusable.BaseClass BaseClass.java159 - pass : login Buttonelement clicked
20230221 23:15:20 INFO  [main] Reusable.BaseClass BaseClass.java159 - pass : login Buttonelement clicked
20230221 23:18:07 INFO  [main] Reusable.BaseClass BaseClass.java159 - pass : login Buttonelement clicked
20230221 23:21:14 INFO  [main] Reusable.BaseClass BaseClass.java159 - pass : login Buttonelement clicked
20230221 23:23:01 INFO  [main] Reusable.BaseClass BaseClass.java159 - pass : login Buttonelement clicked
20230221 23:25:42 INFO  [main] Reusable.BaseClass BaseClass.java159 - pass : login Buttonelement clicked
20230221 23:25:52 INFO  [main] Reusable.BaseClass BaseClass.java159 - pass : login buttonelement clicked
20230221 23:26:19 INFO  [main] Reusable.BaseClass BaseClass.java159 - pass : login Buttonelement clicked
20230221 23:26:23 INFO  [main] Reusable.BaseClass BaseClass.java159 - pass : login buttonelement clicked
20230221 23:30:04 INFO  [main] Reusable.BaseClass BaseClass.java159 - pass : login Buttonelement clicked
20230221 23:30:07 INFO  [main] Reusable.BaseClass BaseClass.java159 - pass : login buttonelement clicked
20230221 23:30:14 INFO  [main] Reusable.BaseClass BaseClass.java159 - pass : login Buttonelement clicked
20230221 23:30:21 INFO  [main] SFDCLogin_TC1_4.Login Login.java28 - Expected webpage is : https://tekarch70-dev-ed.develop.my.salesforce.com/setup/forcecomHomepage.apexp?setupid=ForceCom
20230221 23:30:21 INFO  [main] SFDCLogin_TC1_4.Login Login.java29 - Actual webpage is : https://tekarch70-dev-ed.develop.my.salesforce.com/setup/forcecomHomepage.apexp?setupid=ForceCom
20230221 23:30:26 INFO  [main] Reusable.BaseClass BaseClass.java159 - pass : login Buttonelement clicked
20230221 23:30:41 INFO  [main] Reusable.BaseClass BaseClass.java159 - pass : login Buttonelement clicked
20230221 23:30:45 INFO  [main] Reusable.BaseClass BaseClass.java159 - pass : login buttonelement clicked
20230221 23:30:53 INFO  [main] Reusable.BaseClass BaseClass.java159 - pass : login Buttonelement clicked
20230221 23:30:57 INFO  [main] Reusable.BaseClass BaseClass.java159 - pass : clicked login buttonelement clicked
20230221 23:36:29 INFO  [main] Reusable.BaseClass BaseClass.java159 - pass : login Buttonelement clicked
20230221 23:36:34 INFO  [main] SFDCLogin_TC1_4.Login Login.java28 - Expected webpage is : https://tekarch70-dev-ed.develop.my.salesforce.com/setup/forcecomHomepage.apexp?setupid=ForceCom
20230221 23:36:34 INFO  [main] SFDCLogin_TC1_4.Login Login.java29 - Actual webpage is : https://tekarch70-dev-ed.develop.my.salesforce.com/setup/forcecomHomepage.apexp?setupid=ForceCom
20230221 23:37:04 INFO  [main] Reusable.BaseClass BaseClass.java159 - pass : login Buttonelement clicked
20230221 23:37:11 INFO  [main] Reusable.BaseClass BaseClass.java159 - pass : login buttonelement clicked
20230221 23:38:31 INFO  [main] Reusable.BaseClass BaseClass.java159 - pass : login Buttonelement clicked
20230221 23:38:40 INFO  [main] Reusable.BaseClass BaseClass.java159 - pass : login buttonelement clicked
20230221 23:39:46 INFO  [main] Reusable.BaseClass BaseClass.java159 - pass : login Buttonelement clicked
20230221 23:39:54 INFO  [main] Reusable.BaseClass BaseClass.java159 - pass : Continue to next stepelement clicked
20230222 12:00:49 INFO  [main] Reusable.BaseClass BaseClass.java64 - started testscript : dConsole
20230222 12:27:58 INFO  [main] Reusable.BaseClass BaseClass.java65 - started testscript : error_LoginTC_1
20230222 12:28:07 INFO  [main] Reusable.BaseClass BaseClass.java162 - pass : login buttonelement clicked
20230222 12:28:08 INFO  [main] Reusable.BaseClass BaseClass.java88 - closing the browser
20230222 12:28:08 INFO  [main] Reusable.BaseClass BaseClass.java65 - started testscript : loginSF_TC_2
20230222 12:28:10 INFO  [main] SFDCLogin_TC1_4.Login Login.java28 - Expected webpage is : https://tekarch70-dev-ed.develop.my.salesforce.com/setup/forcecomHomepage.apexp?setupid=ForceCom
20230222 12:28:10 INFO  [main] SFDCLogin_TC1_4.Login Login.java29 - Actual webpage is : https://login.salesforce.com/
20230222 12:28:11 INFO  [main] Reusable.BaseClass BaseClass.java88 - closing the browser
20230222 12:28:11 INFO  [main] Reusable.BaseClass BaseClass.java65 - started testscript : forgot_Password_TC_4A
20230222 12:28:18 INFO  [main] Reusable.BaseClass BaseClass.java162 - pass : Continue to next stepelement clicked
20230222 12:28:18 INFO  [main] Reusable.BaseClass BaseClass.java88 - closing the browser
20230222 12:28:18 INFO  [main] Reusable.BaseClass BaseClass.java65 - started testscript : checkRememberMe_TC_3
20230222 12:28:29 INFO  [main] Reusable.BaseClass BaseClass.java162 - pass : login buttonelement clicked
20230222 12:28:34 INFO  [main] Reusable.BaseClass BaseClass.java88 - closing the browser
20230222 12:28:35 INFO  [main] Reusable.BaseClass BaseClass.java65 - started testscript : login_error_msg_TC_4B
20230222 12:28:45 INFO  [main] Reusable.BaseClass BaseClass.java162 - pass : clicked login buttonelement clicked
20230222 12:28:45 INFO  [main] Reusable.BaseClass BaseClass.java88 - closing the browser
20230222 12:31:37 INFO  [main] Reusable.BaseClass BaseClass.java65 - started testscript : dropdownMenu_TC5
20230222 15:35:07 INFO  [main] Reusable.BaseClass BaseClass.java63 - started testscript : error_LoginTC_1
20230222 15:35:17 INFO  [main] Reusable.BaseClass BaseClass.java167 - pass : login buttonelement clicked
20230222 15:35:17 INFO  [main] Reusable.BaseClass BaseClass.java86 - closing the browser
20230222 15:35:17 INFO  [main] Reusable.BaseClass BaseClass.java63 - started testscript : loginSF_TC_2
20230222 15:35:20 INFO  [main] SFDCLogin_TC1_4.Login Login.java28 - Expected webpage is : https://tekarch70-dev-ed.develop.my.salesforce.com/setup/forcecomHomepage.apexp?setupid=ForceCom
20230222 15:35:20 INFO  [main] SFDCLogin_TC1_4.Login Login.java29 - Actual webpage is : https://login.salesforce.com/
20230222 15:35:21 INFO  [main] Reusable.BaseClass BaseClass.java86 - closing the browser
20230222 15:35:21 INFO  [main] Reusable.BaseClass BaseClass.java63 - started testscript : forgot_Password_TC_4A
20230222 15:35:29 INFO  [main] Reusable.BaseClass BaseClass.java167 - pass : Continue to next stepelement clicked
20230222 15:35:29 INFO  [main] Reusable.BaseClass BaseClass.java86 - closing the browser
20230222 15:35:29 INFO  [main] Reusable.BaseClass BaseClass.java63 - started testscript : checkRememberMe_TC_3
20230222 15:35:47 INFO  [main] Reusable.BaseClass BaseClass.java167 - pass : login buttonelement clicked
20230222 15:35:53 INFO  [main] Reusable.BaseClass BaseClass.java86 - closing the browser
20230222 15:35:53 INFO  [main] Reusable.BaseClass BaseClass.java63 - started testscript : login_error_msg_TC_4B
20230222 15:36:02 INFO  [main] Reusable.BaseClass BaseClass.java167 - pass : clicked login buttonelement clicked
20230222 15:36:02 INFO  [main] Reusable.BaseClass BaseClass.java86 - closing the browser
20230222 15:43:50 INFO  [main] Reusable.BaseClass BaseClass.java63 - started testscript : loginSF_TC_2
20230222 15:43:59 INFO  [main] Reusable.BaseClass BaseClass.java167 - pass : login Buttonelement clicked
20230222 15:44:03 INFO  [main] SFDCLogin_TC1_4.Login Login.java31 - Expected webpage is : Home
20230222 15:44:03 INFO  [main] SFDCLogin_TC1_4.Login Login.java32 - Actual webpage is : Home
20230222 15:44:03 INFO  [main] Reusable.BaseClass BaseClass.java86 - closing the browser
20230222 15:47:21 INFO  [main] Reusable.BaseClass BaseClass.java60 - started testscript : error_LoginTC_1
20230222 15:47:26 INFO  [main] Reusable.BaseClass BaseClass.java164 - pass : login buttonelement clicked
20230222 15:47:26 INFO  [main] Reusable.BaseClass BaseClass.java83 - closing the browser
20230222 15:49:05 INFO  [main] Reusable.BaseClass BaseClass.java60 - started testscript : error_LoginTC_1
20230222 15:49:08 INFO  [main] Reusable.BaseClass BaseClass.java83 - closing the browser
20230222 15:50:41 INFO  [main] Reusable.BaseClass BaseClass.java60 - started testscript : error_LoginTC_1
20230222 15:50:44 INFO  [main] Reusable.BaseClass BaseClass.java164 - pass : login buttonelement clicked
20230222 15:50:44 INFO  [main] Reusable.BaseClass BaseClass.java144 - Waiting for an Web element  error message  for its visiblity
20230222 15:50:44 INFO  [main] Reusable.BaseClass BaseClass.java83 - closing the browser
20230222 16:06:07 INFO  [main] Reusable.BaseClass BaseClass.java60 - started testscript : checkRememberMe_TC_3
20230222 16:06:11 INFO  [main] Reusable.BaseClass BaseClass.java144 - Waiting for an Web element chkrememberme for its visiblity
20230222 16:06:11 INFO  [main] Reusable.BaseClass BaseClass.java164 - pass : login buttonelement clicked
20230222 16:06:42 INFO  [main] Reusable.BaseClass BaseClass.java83 - closing the browser
20230222 16:08:25 INFO  [main] Reusable.BaseClass BaseClass.java60 - started testscript : checkRememberMe_TC_3
20230222 16:08:28 INFO  [main] Reusable.BaseClass BaseClass.java144 - Waiting for an Web element chkrememberme for its visiblity
20230222 16:08:30 INFO  [main] Reusable.BaseClass BaseClass.java164 - pass : login buttonelement clicked
20230222 16:08:35 INFO  [main] Reusable.BaseClass BaseClass.java144 - Waiting for an Web element userMenu for its visiblity
20230222 16:08:37 INFO  [main] Reusable.BaseClass BaseClass.java144 - Waiting for an Web element UserName in the field for its visiblity
20230222 16:08:37 INFO  [main] Reusable.BaseClass BaseClass.java83 - closing the browser
20230222 16:15:37 INFO  [main] Reusable.BaseClass BaseClass.java60 - started testscript : forgot_Password_TC_4A
20230222 16:15:40 INFO  [main] Reusable.BaseClass BaseClass.java164 - pass : Continueelement clicked
20230222 16:16:06 INFO  [main] Reusable.BaseClass BaseClass.java60 - started testscript : forgot_Password_TC_4A
20230222 16:16:10 INFO  [main] Reusable.BaseClass BaseClass.java164 - pass : Continueelement clicked
20230222 16:16:30 INFO  [main] Reusable.BaseClass BaseClass.java60 - started testscript : forgot_Password_TC_4A
20230222 16:16:35 INFO  [main] Reusable.BaseClass BaseClass.java164 - pass : Continueelement clicked
20230222 16:16:35 INFO  [main] Reusable.BaseClass BaseClass.java83 - closing the browser
20230222 16:18:13 INFO  [main] Reusable.BaseClass BaseClass.java60 - started testscript : login_error_msg_TC_4B
20230222 16:18:16 INFO  [main] Reusable.BaseClass BaseClass.java164 - pass : clicked login button element clicked
20230222 16:18:17 INFO  [main] Reusable.BaseClass BaseClass.java83 - closing the browser
20230222 16:19:58 INFO  [main] Reusable.BaseClass BaseClass.java60 - started testscript : dropdownMenu_TC5
20230222 16:20:41 INFO  [main] Reusable.BaseClass BaseClass.java60 - started testscript : dropdownMenu_TC5
20230222 16:22:13 INFO  [main] Reusable.BaseClass BaseClass.java60 - started testscript : dropdownMenu_TC5
20230222 16:22:20 INFO  [main] Reusable.BaseClass BaseClass.java164 - pass : login Button element clicked
20230222 16:22:25 INFO  [main] Reusable.BaseClass BaseClass.java164 - pass : user menu element clicked
20230222 16:22:25 INFO  [main] UserMenuDropDown_TC5_9.Dropdown_TC5_6 Dropdown_TC5_6.java37 - User Menu drop down
20230222 16:22:25 INFO  [main] Reusable.BaseClass BaseClass.java83 - closing the browser
20230222 16:27:49 INFO  [main] Reusable.BaseClass BaseClass.java60 - started testscript : myProfile_TC6
20230222 16:27:54 INFO  [main] Reusable.BaseClass BaseClass.java163 - pass : login Button element clicked
20230222 16:28:00 INFO  [main] Reusable.BaseClass BaseClass.java163 - pass : Clicked on user menu element clicked
20230222 16:28:00 INFO  [main] Reusable.BaseClass BaseClass.java163 - pass : Clicked profile element clicked
20230222 16:28:09 INFO  [main] Reusable.BaseClass BaseClass.java163 - pass : edit element clicked
20230222 16:28:43 INFO  [main] Reusable.BaseClass BaseClass.java163 - pass : about element clicked
20230222 16:28:46 INFO  [main] Reusable.BaseClass BaseClass.java163 - pass : save element clicked
20230222 16:28:47 INFO  [main] Reusable.BaseClass BaseClass.java83 - closing the browser
20230222 16:31:38 INFO  [main] Reusable.BaseClass BaseClass.java60 - started testscript : post
20230222 16:31:44 INFO  [main] Reusable.BaseClass BaseClass.java163 - pass : login Button element clicked
20230222 16:31:48 INFO  [main] Reusable.BaseClass BaseClass.java163 - pass : Clicked on user menu element clicked
20230222 16:31:48 INFO  [main] Reusable.BaseClass BaseClass.java163 - pass : profile element clicked
20230222 16:31:49 INFO  [main] Reusable.BaseClass BaseClass.java143 - Waiting for an Web element post for its visiblity
20230222 16:31:53 INFO  [main] UserMenuDropDown_TC5_9.Dropdown_TC5_6 Dropdown_TC5_6.java101 - moved to frame
20230222 16:32:03 INFO  [main] Reusable.BaseClass BaseClass.java83 - closing the browser
20230222 16:33:41 INFO  [main] Reusable.BaseClass BaseClass.java60 - started testscript : publiclink
20230222 16:33:44 INFO  [main] Reusable.BaseClass BaseClass.java163 - pass : login Button element clicked
20230222 16:33:51 INFO  [main] Reusable.BaseClass BaseClass.java163 - pass : UserMenu element clicked
20230222 16:33:51 INFO  [main] Reusable.BaseClass BaseClass.java163 - pass :  element clicked
20230222 16:33:51 INFO  [main] Reusable.BaseClass BaseClass.java163 - pass :  element clicked
20230222 16:33:56 INFO  [main] Reusable.BaseClass BaseClass.java83 - closing the browser
20230222 16:36:27 INFO  [main] Reusable.BaseClass BaseClass.java60 - started testscript : display
20230222 16:36:33 INFO  [main] Reusable.BaseClass BaseClass.java163 - pass : login Button element clicked
20230222 16:36:37 INFO  [main] Reusable.BaseClass BaseClass.java163 - pass : UserMenu element clicked
20230222 16:36:46 INFO  [main] UserMenuDropDown_TC5_9.MySettings_TC7 MySettings_TC7.java66 - Reports tab added and available in top of salesforce page
20230222 16:36:46 INFO  [main] Reusable.BaseClass BaseClass.java83 - closing the browser
20230222 16:36:46 INFO  [main] Reusable.BaseClass BaseClass.java60 - started testscript : emailUpdate
20230222 16:36:51 INFO  [main] Reusable.BaseClass BaseClass.java163 - pass : login Button element clicked
20230222 16:36:55 INFO  [main] Reusable.BaseClass BaseClass.java163 - pass : UserMenu element clicked
20230222 16:37:05 INFO  [main] Reusable.BaseClass BaseClass.java83 - closing the browser
20230222 16:37:05 INFO  [main] Reusable.BaseClass BaseClass.java60 - started testscript : publiclink
20230222 16:37:11 INFO  [main] Reusable.BaseClass BaseClass.java163 - pass : login Button element clicked
20230222 16:37:14 INFO  [main] Reusable.BaseClass BaseClass.java163 - pass : UserMenu element clicked
20230222 16:37:15 INFO  [main] Reusable.BaseClass BaseClass.java163 - pass :  element clicked
20230222 16:37:15 INFO  [main] Reusable.BaseClass BaseClass.java163 - pass :  element clicked
20230222 16:37:19 INFO  [main] Reusable.BaseClass BaseClass.java83 - closing the browser
20230222 16:37:19 INFO  [main] Reusable.BaseClass BaseClass.java60 - started testscript : reminder
20230222 16:37:24 INFO  [main] Reusable.BaseClass BaseClass.java163 - pass : login Button element clicked
20230222 16:37:28 INFO  [main] Reusable.BaseClass BaseClass.java163 - pass : UserMenu element clicked
20230222 16:37:34 INFO  [main] Reusable.BaseClass BaseClass.java83 - closing the browser
20230222 16:38:39 INFO  [main] Reusable.BaseClass BaseClass.java60 - started testscript : dConsole
20230222 16:38:50 INFO  [main] Reusable.BaseClass BaseClass.java163 - pass : login Button element clicked
20230222 16:38:50 INFO  [main] UserMenuDropDown_TC5_9.DeveloperConsole_TC8 DeveloperConsole_TC8.java19 - now in homepage
20230222 16:38:51 INFO  [main] Reusable.BaseClass BaseClass.java163 - pass : Clicked on user menu element clicked
20230222 16:38:51 INFO  [main] Reusable.BaseClass BaseClass.java163 - pass : clicked developer console element clicked
20230222 16:38:54 INFO  [main] Reusable.BaseClass BaseClass.java83 - closing the browser
20230222 16:50:20 INFO  [main] Reusable.BaseClass BaseClass.java60 - started testscript : clickOnAcc_TC14
20230222 16:50:54 INFO  [main] Reusable.BaseClass BaseClass.java83 - closing the browser
20230222 16:50:55 INFO  [main] Reusable.BaseClass BaseClass.java60 - started testscript : edit_TC12
20230222 16:50:59 INFO  [main] Reusable.BaseClass BaseClass.java163 - pass : login Button element clicked
20230222 16:51:05 INFO  [main] Reusable.BaseClass BaseClass.java163 - pass : Clicked on user menu element clicked
20230222 16:52:23 INFO  [main] Reusable.BaseClass BaseClass.java83 - closing the browser
20230222 16:52:24 INFO  [main] Reusable.BaseClass BaseClass.java60 - started testscript : mergeAccount_TC13
20230222 16:52:28 INFO  [main] Reusable.BaseClass BaseClass.java163 - pass : login Button element clicked
20230222 16:52:33 INFO  [main] Reusable.BaseClass BaseClass.java163 - pass : Clicked on user menu element clicked
20230222 16:53:19 INFO  [main] Reusable.BaseClass BaseClass.java83 - closing the browser
20230222 16:53:19 INFO  [main] Reusable.BaseClass BaseClass.java60 - started testscript : newAccount_TC10
20230222 16:53:26 INFO  [main] Reusable.BaseClass BaseClass.java163 - pass : login Button element clicked
20230222 16:53:30 INFO  [main] Reusable.BaseClass BaseClass.java163 - pass : Clicked on user menu element clicked
20230222 16:53:37 INFO  [main] Reusable.BaseClass BaseClass.java83 - closing the browser
20230222 16:53:37 INFO  [main] Reusable.BaseClass BaseClass.java60 - started testscript : newView_TC11
20230222 16:53:41 INFO  [main] Reusable.BaseClass BaseClass.java163 - pass : login Button element clicked
20230222 16:53:49 INFO  [main] Reusable.BaseClass BaseClass.java163 - pass : Clicked on user menu element clicked
20230222 16:53:56 INFO  [main] Reusable.BaseClass BaseClass.java83 - closing the browser
20230222 16:58:29 INFO  [main] Reusable.BaseClass BaseClass.java60 - started testscript : newAccount_TC10
20230222 16:58:32 INFO  [main] Reusable.BaseClass BaseClass.java163 - pass : login Button element clicked
20230222 16:58:39 INFO  [main] Reusable.BaseClass BaseClass.java163 - pass : Clicked on user menu element clicked
20230222 16:58:46 INFO  [main] Reusable.BaseClass BaseClass.java83 - closing the browser
20230222 17:01:05 INFO  [main] Reusable.BaseClass BaseClass.java60 - started testscript : newAccount_TC10
20230222 17:01:14 INFO  [main] Reusable.BaseClass BaseClass.java163 - pass : login Button element clicked
20230222 17:01:19 INFO  [main] Reusable.BaseClass BaseClass.java163 - pass : Clicked on user menu element clicked
20230222 17:01:25 INFO  [main] Reusable.BaseClass BaseClass.java83 - closing the browser
20230222 17:01:45 INFO  [main] Reusable.BaseClass BaseClass.java60 - started testscript : newAccount_TC10
20230222 17:01:51 INFO  [main] Reusable.BaseClass BaseClass.java163 - pass : login Button element clicked
20230222 17:01:55 INFO  [main] Reusable.BaseClass BaseClass.java163 - pass : Clicked on user menu element clicked
20230222 17:01:57 INFO  [main] Reusable.BaseClass BaseClass.java83 - closing the browser
20230222 17:03:11 INFO  [main] Reusable.BaseClass BaseClass.java60 - started testscript : newAccount_TC10
20230222 17:03:18 INFO  [main] Reusable.BaseClass BaseClass.java163 - pass : login Button element clicked
20230222 17:03:22 INFO  [main] Reusable.BaseClass BaseClass.java163 - pass : Clicked on user menu element clicked
20230222 17:03:53 INFO  [main] Reusable.BaseClass BaseClass.java83 - closing the browser
20230222 17:05:21 INFO  [main] Reusable.BaseClass BaseClass.java60 - started testscript : newAccount_TC10
20230222 17:05:26 INFO  [main] Reusable.BaseClass BaseClass.java163 - pass : login Button element clicked
20230222 17:05:36 INFO  [main] CreateAccount_TC10_14.Account_TC10 Account_TC10.java25 - Accounts tab clicked
20230222 17:05:38 INFO  [main] Reusable.BaseClass BaseClass.java83 - closing the browser
20230222 17:05:47 INFO  [main] Reusable.BaseClass BaseClass.java60 - started testscript : newAccount_TC10
20230222 17:05:54 INFO  [main] Reusable.BaseClass BaseClass.java163 - pass : login Button element clicked
20230222 17:06:00 INFO  [main] CreateAccount_TC10_14.Account_TC10 Account_TC10.java25 - Accounts tab clicked
20230222 17:06:04 INFO  [main] Reusable.BaseClass BaseClass.java83 - closing the browser
20230222 17:06:33 INFO  [main] Reusable.BaseClass BaseClass.java60 - started testscript : newAccount_TC10
20230222 17:06:38 INFO  [main] Reusable.BaseClass BaseClass.java163 - pass : login Button element clicked
20230222 17:06:42 INFO  [main] CreateAccount_TC10_14.Account_TC10 Account_TC10.java25 - Accounts tab clicked
20230222 17:06:56 INFO  [main] Reusable.BaseClass BaseClass.java83 - closing the browser
20230222 17:07:51 INFO  [main] Reusable.BaseClass BaseClass.java60 - started testscript : newView_TC11
20230222 17:07:56 INFO  [main] Reusable.BaseClass BaseClass.java163 - pass : login Button element clicked
20230222 17:08:08 INFO  [main] Reusable.BaseClass BaseClass.java83 - closing the browser
20230222 17:09:38 INFO  [main] Reusable.BaseClass BaseClass.java60 - started testscript : clickOnAcc_TC14
20230222 17:09:43 INFO  [main] Reusable.BaseClass BaseClass.java163 - pass : login Button element clicked
20230222 17:09:48 INFO  [main] CreateAccount_TC10_14.Account_TC10 Account_TC10.java172 - Accounts tab clicked
20230222 17:10:29 INFO  [main] Reusable.BaseClass BaseClass.java83 - closing the browser
20230222 17:10:30 INFO  [main] Reusable.BaseClass BaseClass.java60 - started testscript : edit_TC12
20230222 17:10:36 INFO  [main] Reusable.BaseClass BaseClass.java163 - pass : login Button element clicked
20230222 17:10:41 INFO  [main] CreateAccount_TC10_14.Account_TC10 Account_TC10.java83 - Accounts tab clicked
20230222 17:11:23 INFO  [main] Reusable.BaseClass BaseClass.java83 - closing the browser
20230222 17:11:23 INFO  [main] Reusable.BaseClass BaseClass.java60 - started testscript : mergeAccount_TC13
20230222 17:11:30 INFO  [main] Reusable.BaseClass BaseClass.java163 - pass : login Button element clicked
20230222 17:11:34 INFO  [main] CreateAccount_TC10_14.Account_TC10 Account_TC10.java135 - Accounts tab clicked
20230222 17:12:14 INFO  [main] Reusable.BaseClass BaseClass.java83 - closing the browser
20230222 17:12:14 INFO  [main] Reusable.BaseClass BaseClass.java60 - started testscript : newAccount_TC10
20230222 17:12:20 INFO  [main] Reusable.BaseClass BaseClass.java163 - pass : login Button element clicked
20230222 17:12:24 INFO  [main] CreateAccount_TC10_14.Account_TC10 Account_TC10.java24 - Accounts tab clicked
20230222 17:12:38 INFO  [main] Reusable.BaseClass BaseClass.java83 - closing the browser
20230222 17:12:38 INFO  [main] Reusable.BaseClass BaseClass.java60 - started testscript : newView_TC11
20230222 17:12:43 INFO  [main] Reusable.BaseClass BaseClass.java163 - pass : login Button element clicked
20230222 17:12:49 INFO  [main] CreateAccount_TC10_14.Account_TC10 Account_TC10.java55 - Accounts tab clicked
20230222 17:13:00 INFO  [main] Reusable.BaseClass BaseClass.java83 - closing the browser
20230222 17:28:47 INFO  [main] Reusable.BaseClass BaseClass.java60 - started testscript : createNewOpp_TC16
20230222 17:29:22 INFO  [main] Reusable.BaseClass BaseClass.java83 - closing the browser
20230222 17:29:54 INFO  [main] Reusable.BaseClass BaseClass.java60 - started testscript : createNewOpp_TC16
20230222 17:29:59 INFO  [main] Reusable.BaseClass BaseClass.java171 - pass : login Button element clicked
20230222 17:30:06 INFO  [main] Reusable.BaseClass BaseClass.java171 - pass : Opportunities element clicked
20230222 17:30:06 INFO  [main] Reusable.BaseClass BaseClass.java151 - Waiting for an Web element Opportunities for its visiblity
20230222 17:30:08 INFO  [main] Reusable.BaseClass BaseClass.java83 - closing the browser
20230222 17:35:00 INFO  [main] Reusable.BaseClass BaseClass.java60 - started testscript : quarterlySummary_TC19
20230222 17:35:06 INFO  [main] Reusable.BaseClass BaseClass.java171 - pass : login Button element clicked
20230222 17:35:12 INFO  [main] Reusable.BaseClass BaseClass.java171 - pass : Opportunities element clicked
20230222 17:35:12 INFO  [main] Reusable.BaseClass BaseClass.java151 - Waiting for an Web element Opportunities for its visiblity
20230222 17:35:13 INFO  [main] Reusable.BaseClass BaseClass.java83 - closing the browser
20230222 17:35:51 INFO  [main] Reusable.BaseClass BaseClass.java60 - started testscript : quarterlySummary_TC19
20230222 17:35:57 INFO  [main] Reusable.BaseClass BaseClass.java171 - pass : login Button element clicked
20230222 17:36:02 INFO  [main] Reusable.BaseClass BaseClass.java171 - pass : Opportunities element clicked
20230222 17:36:02 INFO  [main] Reusable.BaseClass BaseClass.java151 - Waiting for an Web element Opportunities for its visiblity
20230222 17:36:04 INFO  [main] Reusable.BaseClass BaseClass.java83 - closing the browser
20230222 17:36:13 INFO  [main] Reusable.BaseClass BaseClass.java60 - started testscript : quarterlySummary_TC19
20230222 17:36:16 INFO  [main] Reusable.BaseClass BaseClass.java171 - pass : login Button element clicked
20230222 17:36:24 INFO  [main] Reusable.BaseClass BaseClass.java171 - pass : Opportunities element clicked
20230222 17:36:24 INFO  [main] Reusable.BaseClass BaseClass.java151 - Waiting for an Web element Opportunities for its visiblity
20230222 17:36:26 INFO  [main] Reusable.BaseClass BaseClass.java83 - closing the browser
20230222 17:40:52 INFO  [main] Reusable.BaseClass BaseClass.java60 - started testscript : quarterlySummary_TC19
20230222 17:40:59 INFO  [main] Reusable.BaseClass BaseClass.java171 - pass : login Button element clicked
20230222 17:41:04 INFO  [main] Reusable.BaseClass BaseClass.java171 - pass : Opportunities element clicked
20230222 17:41:04 INFO  [main] Reusable.BaseClass BaseClass.java151 - Waiting for an Web element Opportunities for its visiblity
20230222 17:41:06 INFO  [main] Reusable.BaseClass BaseClass.java83 - closing the browser
20230222 17:41:17 INFO  [main] Reusable.BaseClass BaseClass.java60 - started testscript : quarterlySummary_TC19
20230222 17:41:24 INFO  [main] Reusable.BaseClass BaseClass.java171 - pass : login Button element clicked
20230222 17:41:30 INFO  [main] Reusable.BaseClass BaseClass.java171 - pass : Opportunities element clicked
20230222 17:41:30 INFO  [main] Reusable.BaseClass BaseClass.java151 - Waiting for an Web element Opportunities for its visiblity
20230222 17:41:32 INFO  [main] Reusable.BaseClass BaseClass.java83 - closing the browser
20230222 17:43:34 INFO  [main] Reusable.BaseClass BaseClass.java60 - started testscript : quarterlySummary_TC19
20230222 17:43:41 INFO  [main] Reusable.BaseClass BaseClass.java171 - pass : login Button element clicked
20230222 17:43:51 INFO  [main] Reusable.BaseClass BaseClass.java171 - pass : Opportunities element clicked
20230222 17:44:17 INFO  [main] Reusable.BaseClass BaseClass.java171 - pass : Opportunities element clicked
20230222 17:44:33 INFO  [main] Reusable.BaseClass BaseClass.java171 - pass : Opportunities element clicked
20230222 17:44:41 INFO  [main] Reusable.BaseClass BaseClass.java171 - pass : Opportunities element clicked
20230222 17:45:03 INFO  [main] Reusable.BaseClass BaseClass.java83 - closing the browser
20230222 17:52:48 INFO  [main] Reusable.BaseClass BaseClass.java60 - started testscript : clickOnLeads_TC20
20230222 17:53:03 INFO  [main] Reusable.BaseClass BaseClass.java60 - started testscript : clickOnLeads_TC20
20230222 17:53:10 INFO  [main] Reusable.BaseClass BaseClass.java171 - pass : login Button element clicked
20230222 17:53:15 INFO  [main] Reusable.BaseClass BaseClass.java171 - pass : lead element clicked
20230222 17:53:20 INFO  [main] Reusable.BaseClass BaseClass.java83 - closing the browser
20230222 17:57:31 INFO  [main] Reusable.BaseClass BaseClass.java60 - started testscript : leadsDropDown_TC21
20230222 17:57:38 INFO  [main] Reusable.BaseClass BaseClass.java171 - pass : login Button element clicked
20230222 17:57:43 INFO  [main] Reusable.BaseClass BaseClass.java171 - pass : lead element clicked
20230222 17:57:48 INFO  [main] Reusable.BaseClass BaseClass.java171 - pass : leadView element clicked
20230222 17:57:49 INFO  [main] Reusable.BaseClass BaseClass.java83 - closing the browser
20230222 18:02:23 INFO  [main] Reusable.BaseClass BaseClass.java60 - started testscript : createNewContact_TC25
20230222 18:02:29 INFO  [main] Reusable.BaseClass BaseClass.java171 - pass : login Button element clicked
20230222 18:02:34 INFO  [main] Reusable.BaseClass BaseClass.java171 - pass : contact element element clicked
20230222 18:02:40 INFO  [main] Reusable.BaseClass BaseClass.java171 - pass : new element element clicked
20230222 18:02:43 INFO  [main] Reusable.BaseClass BaseClass.java171 - pass : save button element clicked
20230222 18:02:48 INFO  [main] Reusable.BaseClass BaseClass.java83 - closing the browser
20230222 18:07:47 INFO  [main] Reusable.BaseClass BaseClass.java60 - started testscript : checkingCancel_TC31
20230222 18:08:03 INFO  [main] Reusable.BaseClass BaseClass.java171 - pass : login Button element clicked
20230222 18:08:03 INFO  [main] Reusable.BaseClass BaseClass.java171 - pass : contact element clicked
20230222 18:08:11 INFO  [main] Reusable.BaseClass BaseClass.java171 - pass : cancel element clicked
20230222 18:08:14 INFO  [main] Reusable.BaseClass BaseClass.java83 - closing the browser
20230222 18:08:14 INFO  [main] Reusable.BaseClass BaseClass.java60 - started testscript : createNewContact_TC25
20230222 18:08:20 INFO  [main] Reusable.BaseClass BaseClass.java171 - pass : login Button element clicked
20230222 18:08:25 INFO  [main] Reusable.BaseClass BaseClass.java171 - pass : contact element element clicked
20230222 18:08:31 INFO  [main] Reusable.BaseClass BaseClass.java171 - pass : new element element clicked
20230222 18:08:34 INFO  [main] Reusable.BaseClass BaseClass.java171 - pass : save button element clicked
20230222 18:08:39 INFO  [main] Reusable.BaseClass BaseClass.java83 - closing the browser
20230222 18:08:39 INFO  [main] Reusable.BaseClass BaseClass.java60 - started testscript : createNewView_TC26
20230222 18:08:44 INFO  [main] Reusable.BaseClass BaseClass.java171 - pass : login Button element clicked
20230222 18:08:53 INFO  [main] Reusable.BaseClass BaseClass.java171 - pass : Contact tab element clicked
20230222 18:08:59 INFO  [main] Reusable.BaseClass BaseClass.java171 - pass : create new view element element clicked
20230222 18:09:01 INFO  [main] Reusable.BaseClass BaseClass.java171 - pass : save button element clicked
20230222 18:09:06 INFO  [main] Reusable.BaseClass BaseClass.java83 - closing the browser
20230222 18:09:07 INFO  [main] Reusable.BaseClass BaseClass.java60 - started testscript : myContacts_TC28
20230222 18:09:13 INFO  [main] Reusable.BaseClass BaseClass.java171 - pass : login Button element clicked
20230222 18:09:20 INFO  [main] Reusable.BaseClass BaseClass.java171 - pass : Contact tab element clicked
20230222 18:09:28 INFO  [main] Reusable.BaseClass BaseClass.java171 - pass : my contacts element clicked
20230222 18:09:29 INFO  [main] Reusable.BaseClass BaseClass.java83 - closing the browser
20230222 18:09:31 INFO  [main] Reusable.BaseClass BaseClass.java60 - started testscript : newContact_TC32
20230222 18:09:36 INFO  [main] Reusable.BaseClass BaseClass.java171 - pass : login Button element clicked
20230222 18:09:42 INFO  [main] Reusable.BaseClass BaseClass.java171 - pass : contact element clicked
20230222 18:09:58 INFO  [main] Reusable.BaseClass BaseClass.java83 - closing the browser
20230222 18:09:59 INFO  [main] Reusable.BaseClass BaseClass.java60 - started testscript : recentContacts_TC29
20230222 18:10:06 INFO  [main] Reusable.BaseClass BaseClass.java171 - pass : login Button element clicked
20230222 18:10:11 INFO  [main] Reusable.BaseClass BaseClass.java171 - pass : contact tab element clicked
20230222 18:10:23 INFO  [main] Reusable.BaseClass BaseClass.java171 - pass : name field element clicked
20230222 18:10:26 INFO  [main] Reusable.BaseClass BaseClass.java83 - closing the browser
20230222 18:10:26 INFO  [main] Reusable.BaseClass BaseClass.java60 - started testscript : recentlyCreated_TC27
20230222 18:10:30 INFO  [main] Reusable.BaseClass BaseClass.java171 - pass : login Button element clicked
20230222 18:10:37 INFO  [main] Reusable.BaseClass BaseClass.java171 - pass : Contact tab element clicked
20230222 18:10:43 INFO  [main] Reusable.BaseClass BaseClass.java171 - pass : recently created one element clicked
20230222 18:10:48 INFO  [main] Reusable.BaseClass BaseClass.java83 - closing the browser
20230222 18:10:48 INFO  [main] Reusable.BaseClass BaseClass.java60 - started testscript : viewNameError_TC30
20230222 18:10:54 INFO  [main] Reusable.BaseClass BaseClass.java171 - pass : login Button element clicked
20230222 18:10:59 INFO  [main] Reusable.BaseClass BaseClass.java171 - pass : Contact tab element clicked
20230222 18:11:03 INFO  [main] Reusable.BaseClass BaseClass.java171 - pass : create new view element clicked
20230222 18:11:03 INFO  [main] Reusable.BaseClass BaseClass.java171 - pass : save element clicked
20230222 18:11:09 INFO  [main] Reusable.BaseClass BaseClass.java83 - closing the browser
20230222 18:28:42 INFO  [main] Reusable.BaseClass BaseClass.java60 - started testscript : dropdownMenu_TC5
20230222 18:28:49 INFO  [main] Reusable.BaseClass BaseClass.java171 - pass : login Button element clicked
20230222 18:28:54 INFO  [main] Reusable.BaseClass BaseClass.java171 - pass : Clicked on user menu element clicked
20230222 18:28:54 INFO  [main] UserMenuDropDown_TC5_9.Dropdown_TC5_6 Dropdown_TC5_6.java35 - User Menu drop down
20230222 18:28:54 INFO  [main] Reusable.BaseClass BaseClass.java83 - closing the browser
20230222 18:28:54 INFO  [main] Reusable.BaseClass BaseClass.java60 - started testscript : myProfile_TC6
20230222 18:28:58 INFO  [main] Reusable.BaseClass BaseClass.java171 - pass : login Button element clicked
20230222 18:29:04 INFO  [main] Reusable.BaseClass BaseClass.java171 - pass : Clicked on user menu element clicked
20230222 18:29:05 INFO  [main] Reusable.BaseClass BaseClass.java171 - pass : Clicked profile element clicked
20230222 18:29:12 INFO  [main] Reusable.BaseClass BaseClass.java171 - pass : edit element clicked
20230222 18:29:45 INFO  [main] Reusable.BaseClass BaseClass.java171 - pass : about element clicked
20230222 18:29:49 INFO  [main] Reusable.BaseClass BaseClass.java171 - pass : save element clicked
20230222 18:29:54 INFO  [main] Reusable.BaseClass BaseClass.java83 - closing the browser
20230222 18:29:55 INFO  [main] Reusable.BaseClass BaseClass.java60 - started testscript : post
20230222 18:30:02 INFO  [main] Reusable.BaseClass BaseClass.java171 - pass : login Button element clicked
20230222 18:30:07 INFO  [main] Reusable.BaseClass BaseClass.java171 - pass : Clicked on user menu element clicked
20230222 18:30:07 INFO  [main] Reusable.BaseClass BaseClass.java171 - pass : profile element clicked
20230222 18:30:09 INFO  [main] Reusable.BaseClass BaseClass.java151 - Waiting for an Web element post for its visiblity
20230222 18:30:10 INFO  [main] UserMenuDropDown_TC5_9.Dropdown_TC5_6 Dropdown_TC5_6.java101 - moved to frame
20230222 18:30:46 INFO  [main] Reusable.BaseClass BaseClass.java83 - closing the browser
20230222 18:30:46 INFO  [main] Reusable.BaseClass BaseClass.java60 - started testscript : uploadPhoto
20230222 18:30:58 INFO  [main] Reusable.BaseClass BaseClass.java171 - pass : login Button element clicked
20230222 18:30:58 INFO  [main] Reusable.BaseClass BaseClass.java171 - pass : Clicked on user menu element clicked
20230222 18:31:25 INFO  [main] Reusable.BaseClass BaseClass.java171 - pass :  element clicked
20230222 18:31:36 INFO  [main] Reusable.BaseClass BaseClass.java171 - pass : finalSave element clicked
20230222 18:31:39 INFO  [main] Reusable.BaseClass BaseClass.java83 - closing the browser
20230222 18:31:39 INFO  [main] Reusable.BaseClass BaseClass.java60 - started testscript : uploadingFile
20230222 18:31:46 INFO  [main] Reusable.BaseClass BaseClass.java171 - pass : login Button element clicked
20230222 18:31:50 INFO  [main] Reusable.BaseClass BaseClass.java171 - pass : Clicked on user menu element clicked
20230222 18:31:51 INFO  [main] Reusable.BaseClass BaseClass.java171 - pass : Clicked profile element clicked
20230222 18:32:07 INFO  [main] Reusable.BaseClass BaseClass.java83 - closing the browser
20230222 18:32:07 INFO  [main] Reusable.BaseClass BaseClass.java60 - started testscript : error_LoginTC_1
20230222 18:32:10 INFO  [main] Reusable.BaseClass BaseClass.java171 - pass : login button element clicked
20230222 18:32:10 INFO  [main] Reusable.BaseClass BaseClass.java151 - Waiting for an Web element error message for its visiblity
20230222 18:32:12 INFO  [main] Reusable.BaseClass BaseClass.java83 - closing the browser
20230222 18:32:12 INFO  [main] Reusable.BaseClass BaseClass.java60 - started testscript : loginSF_TC_2
20230222 18:32:19 INFO  [main] Reusable.BaseClass BaseClass.java171 - pass : login Button element clicked
20230222 18:32:24 INFO  [main] SFDCLogin_TC1_4.Login Login.java34 - Expected webpage is : Home
20230222 18:32:24 INFO  [main] SFDCLogin_TC1_4.Login Login.java35 - Actual webpage is : Home
20230222 18:32:24 INFO  [main] Reusable.BaseClass BaseClass.java83 - closing the browser
20230222 18:32:24 INFO  [main] Reusable.BaseClass BaseClass.java60 - started testscript : forgot_Password_TC_4A
20230222 18:32:28 INFO  [main] Reusable.BaseClass BaseClass.java171 - pass : Continue element clicked
20230222 18:32:28 INFO  [main] Reusable.BaseClass BaseClass.java83 - closing the browser
20230222 18:32:28 INFO  [main] Reusable.BaseClass BaseClass.java60 - started testscript : checkRememberMe_TC_3
20230222 18:32:31 INFO  [main] Reusable.BaseClass BaseClass.java151 - Waiting for an Web element chkrememberme for its visiblity
20230222 18:32:41 INFO  [main] Reusable.BaseClass BaseClass.java171 - pass : login button element clicked
20230222 18:32:41 INFO  [main] Reusable.BaseClass BaseClass.java151 - Waiting for an Web element userMenu for its visiblity
20230222 18:32:43 INFO  [main] Reusable.BaseClass BaseClass.java151 - Waiting for an Web element UserName in the field for its visiblity
20230222 18:32:43 INFO  [main] Reusable.BaseClass BaseClass.java83 - closing the browser
20230222 18:32:43 INFO  [main] Reusable.BaseClass BaseClass.java60 - started testscript : login_error_msg_TC_4B
20230222 18:32:47 INFO  [main] Reusable.BaseClass BaseClass.java171 - pass : clicked login button element clicked
20230222 18:32:48 INFO  [main] Reusable.BaseClass BaseClass.java83 - closing the browser
20230222 18:32:48 INFO  [main] Reusable.BaseClass BaseClass.java60 - started testscript : clickOnAcc_TC14
20230222 18:32:54 INFO  [main] Reusable.BaseClass BaseClass.java171 - pass : login Button element clicked
20230222 18:32:59 INFO  [main] CreateAccount_TC10_14.Account_TC10_14 Account_TC10_14.java172 - Accounts tab clicked
20230222 18:33:48 INFO  [main] Reusable.BaseClass BaseClass.java83 - closing the browser
20230222 18:33:48 INFO  [main] Reusable.BaseClass BaseClass.java60 - started testscript : edit_TC12
20230222 18:33:51 INFO  [main] Reusable.BaseClass BaseClass.java171 - pass : login Button element clicked
20230222 18:33:58 INFO  [main] CreateAccount_TC10_14.Account_TC10_14 Account_TC10_14.java83 - Accounts tab clicked
20230222 18:34:40 INFO  [main] Reusable.BaseClass BaseClass.java83 - closing the browser
20230222 18:34:40 INFO  [main] Reusable.BaseClass BaseClass.java60 - started testscript : mergeAccount_TC13
20230222 18:34:52 INFO  [main] Reusable.BaseClass BaseClass.java171 - pass : login Button element clicked
20230222 18:34:52 INFO  [main] CreateAccount_TC10_14.Account_TC10_14 Account_TC10_14.java135 - Accounts tab clicked
20230222 18:35:32 INFO  [main] Reusable.BaseClass BaseClass.java83 - closing the browser
20230222 18:35:33 INFO  [main] Reusable.BaseClass BaseClass.java60 - started testscript : newAccount_TC10
20230222 18:35:38 INFO  [main] Reusable.BaseClass BaseClass.java171 - pass : login Button element clicked
20230222 18:35:43 INFO  [main] CreateAccount_TC10_14.Account_TC10_14 Account_TC10_14.java24 - Accounts tab clicked
20230222 18:35:59 INFO  [main] Reusable.BaseClass BaseClass.java83 - closing the browser
20230222 18:35:59 INFO  [main] Reusable.BaseClass BaseClass.java60 - started testscript : newView_TC11
20230222 18:36:10 INFO  [main] Reusable.BaseClass BaseClass.java171 - pass : login Button element clicked
20230222 18:36:11 INFO  [main] CreateAccount_TC10_14.Account_TC10_14 Account_TC10_14.java55 - Accounts tab clicked
20230222 18:36:22 INFO  [main] Reusable.BaseClass BaseClass.java83 - closing the browser
20230222 18:36:22 INFO  [main] Reusable.BaseClass BaseClass.java60 - started testscript : createNewOpp_TC16
20230222 18:36:28 INFO  [main] Reusable.BaseClass BaseClass.java171 - pass : login Button element clicked
20230222 18:36:34 INFO  [main] Reusable.BaseClass BaseClass.java171 - pass : Opportunities element clicked
20230222 18:36:37 INFO  [main] Reusable.BaseClass BaseClass.java171 - pass : new element clicked
20230222 18:36:44 INFO  [main] Reusable.BaseClass BaseClass.java171 - pass : source element clicked
20230222 18:36:49 INFO  [main] Reusable.BaseClass BaseClass.java171 - pass : simplyClick element clicked
20230222 18:36:50 INFO  [main] Reusable.BaseClass BaseClass.java171 - pass : stage element clicked
20230222 18:37:02 INFO  [main] Reusable.BaseClass BaseClass.java171 - pass : stage element clicked
20230222 18:37:07 INFO  [main] Reusable.BaseClass BaseClass.java83 - closing the browser
20230222 18:37:07 INFO  [main] Reusable.BaseClass BaseClass.java60 - started testscript : dropdown_15
20230222 18:37:12 INFO  [main] Reusable.BaseClass BaseClass.java171 - pass : login Button element clicked
20230222 18:37:17 INFO  [main] Reusable.BaseClass BaseClass.java171 - pass : Opportunities element clicked
20230222 18:37:18 INFO  [main] Reusable.BaseClass BaseClass.java171 - pass : view element clicked
20230222 18:37:18 INFO  [main] Reusable.BaseClass BaseClass.java151 - Waiting for an Web element view for its visiblity
20230222 18:37:18 INFO  [main] Reusable.BaseClass BaseClass.java83 - closing the browser
20230222 18:37:18 INFO  [main] Reusable.BaseClass BaseClass.java60 - started testscript : oppPipelineReport_TC17
20230222 18:37:24 INFO  [main] Reusable.BaseClass BaseClass.java171 - pass : login Button element clicked
20230222 18:37:29 INFO  [main] Reusable.BaseClass BaseClass.java171 - pass : Opportunities element clicked
20230222 18:37:36 INFO  [main] Reusable.BaseClass BaseClass.java171 - pass : pipeline element clicked
20230222 18:37:36 INFO  [main] Reusable.BaseClass BaseClass.java83 - closing the browser
20230222 18:37:37 INFO  [main] Reusable.BaseClass BaseClass.java60 - started testscript : quarterlySummary_TC19
20230222 18:37:48 INFO  [main] Reusable.BaseClass BaseClass.java171 - pass : login Button element clicked
20230222 18:37:48 INFO  [main] Reusable.BaseClass BaseClass.java171 - pass : Opportunities element clicked
20230222 18:38:09 INFO  [main] Reusable.BaseClass BaseClass.java171 - pass : Opportunities element clicked
20230222 18:38:22 INFO  [main] Reusable.BaseClass BaseClass.java171 - pass : Opportunities element clicked
20230222 18:38:32 INFO  [main] Reusable.BaseClass BaseClass.java171 - pass : Opportunities element clicked
20230222 18:38:50 INFO  [main] Reusable.BaseClass BaseClass.java83 - closing the browser
20230222 18:38:50 INFO  [main] Reusable.BaseClass BaseClass.java60 - started testscript : stuckReports_TC18
20230222 18:38:56 INFO  [main] Reusable.BaseClass BaseClass.java171 - pass : login Button element clicked
20230222 18:39:00 INFO  [main] Reusable.BaseClass BaseClass.java171 - pass : Opportunities element clicked
20230222 18:39:01 INFO  [main] Reusable.BaseClass BaseClass.java171 - pass : stuck element clicked
20230222 18:39:02 INFO  [main] Reusable.BaseClass BaseClass.java83 - closing the browser
20230222 18:39:02 INFO  [main] Reusable.BaseClass BaseClass.java60 - started testscript : clickOnLeads_TC20
20230222 18:39:08 INFO  [main] Reusable.BaseClass BaseClass.java171 - pass : login Button element clicked
20230222 18:39:12 INFO  [main] Reusable.BaseClass BaseClass.java171 - pass : lead element clicked
20230222 18:39:17 INFO  [main] Reusable.BaseClass BaseClass.java83 - closing the browser
20230222 18:39:17 INFO  [main] Reusable.BaseClass BaseClass.java60 - started testscript : clickOnNew_TC24
20230222 18:39:22 INFO  [main] Reusable.BaseClass BaseClass.java171 - pass : login Button element clicked
20230222 18:39:27 INFO  [main] Reusable.BaseClass BaseClass.java171 - pass : lead element clicked
20230222 18:39:33 INFO  [main] Reusable.BaseClass BaseClass.java171 - pass : newEle element clicked
20230222 18:39:38 INFO  [main] Reusable.BaseClass BaseClass.java171 - pass : save element clicked
20230222 18:39:41 INFO  [main] Reusable.BaseClass BaseClass.java83 - closing the browser
20230222 18:39:42 INFO  [main] Reusable.BaseClass BaseClass.java60 - started testscript : defaultsView_TC22
20230222 18:39:48 INFO  [main] Reusable.BaseClass BaseClass.java171 - pass : login Button element clicked
20230222 18:39:53 INFO  [main] Reusable.BaseClass BaseClass.java171 - pass : lead element clicked
20230222 18:39:58 INFO  [main] Reusable.BaseClass BaseClass.java171 - pass : leadView element clicked
20230222 18:40:02 INFO  [main] Reusable.BaseClass BaseClass.java171 - pass : login Button element clicked
20230222 18:40:03 INFO  [main] Reusable.BaseClass BaseClass.java171 - pass : clickOnLead element clicked
20230222 18:40:38 INFO  [main] Reusable.BaseClass BaseClass.java83 - closing the browser
20230222 18:40:39 INFO  [main] Reusable.BaseClass BaseClass.java60 - started testscript : leadsDropDown_TC21
20230222 18:40:41 INFO  [main] Reusable.BaseClass BaseClass.java171 - pass : login Button element clicked
20230222 18:40:49 INFO  [main] Reusable.BaseClass BaseClass.java171 - pass : lead element clicked
20230222 18:40:54 INFO  [main] Reusable.BaseClass BaseClass.java171 - pass : leadView element clicked
20230222 18:40:54 INFO  [main] Reusable.BaseClass BaseClass.java83 - closing the browser
20230222 18:40:54 INFO  [main] Reusable.BaseClass BaseClass.java60 - started testscript : todaysDeals_TC23
20230222 18:41:01 INFO  [main] Reusable.BaseClass BaseClass.java171 - pass : login Button element clicked
20230222 18:41:06 INFO  [main] Reusable.BaseClass BaseClass.java171 - pass : lead element clicked
20230222 18:41:11 INFO  [main] Reusable.BaseClass BaseClass.java171 - pass : leadView element clicked
20230222 18:41:16 INFO  [main] Reusable.BaseClass BaseClass.java83 - closing the browser
20230222 18:41:16 INFO  [main] Reusable.BaseClass BaseClass.java60 - started testscript : checkingCancel_TC31
20230222 18:41:22 INFO  [main] Reusable.BaseClass BaseClass.java171 - pass : login Button element clicked
20230222 18:41:26 INFO  [main] Reusable.BaseClass BaseClass.java171 - pass : contact element clicked
20230222 18:41:34 INFO  [main] Reusable.BaseClass BaseClass.java171 - pass : cancel element clicked
20230222 18:41:37 INFO  [main] Reusable.BaseClass BaseClass.java83 - closing the browser
20230222 18:41:37 INFO  [main] Reusable.BaseClass BaseClass.java60 - started testscript : createNewContact_TC25
20230222 18:41:43 INFO  [main] Reusable.BaseClass BaseClass.java171 - pass : login Button element clicked
20230222 18:41:47 INFO  [main] Reusable.BaseClass BaseClass.java171 - pass : contact element element clicked
20230222 18:41:53 INFO  [main] Reusable.BaseClass BaseClass.java171 - pass : new element element clicked
20230222 18:41:57 INFO  [main] Reusable.BaseClass BaseClass.java171 - pass : save button element clicked
20230222 18:42:02 INFO  [main] Reusable.BaseClass BaseClass.java83 - closing the browser
20230222 18:42:02 INFO  [main] Reusable.BaseClass BaseClass.java60 - started testscript : createNewView_TC26
20230222 18:42:07 INFO  [main] Reusable.BaseClass BaseClass.java171 - pass : login Button element clicked
20230222 18:42:13 INFO  [main] Reusable.BaseClass BaseClass.java171 - pass : Contact tab element clicked
20230222 18:42:18 INFO  [main] Reusable.BaseClass BaseClass.java171 - pass : create new view element element clicked
20230222 18:42:19 INFO  [main] Reusable.BaseClass BaseClass.java171 - pass : save button element clicked
20230222 18:42:24 INFO  [main] Reusable.BaseClass BaseClass.java83 - closing the browser
20230222 18:42:24 INFO  [main] Reusable.BaseClass BaseClass.java60 - started testscript : myContacts_TC28
20230222 18:42:29 INFO  [main] Reusable.BaseClass BaseClass.java171 - pass : login Button element clicked
20230222 18:42:34 INFO  [main] Reusable.BaseClass BaseClass.java171 - pass : Contact tab element clicked
20230222 18:42:43 INFO  [main] Reusable.BaseClass BaseClass.java171 - pass : my contacts element clicked
20230222 18:42:43 INFO  [main] Reusable.BaseClass BaseClass.java83 - closing the browser
20230222 18:42:43 INFO  [main] Reusable.BaseClass BaseClass.java60 - started testscript : newContact_TC32
20230222 18:42:54 INFO  [main] Reusable.BaseClass BaseClass.java171 - pass : login Button element clicked
20230222 18:42:54 INFO  [main] Reusable.BaseClass BaseClass.java171 - pass : contact element clicked
20230222 18:43:11 INFO  [main] Reusable.BaseClass BaseClass.java83 - closing the browser
20230222 18:43:11 INFO  [main] Reusable.BaseClass BaseClass.java60 - started testscript : recentContacts_TC29
20230222 18:43:16 INFO  [main] Reusable.BaseClass BaseClass.java171 - pass : login Button element clicked
20230222 18:43:22 INFO  [main] Reusable.BaseClass BaseClass.java171 - pass : contact tab element clicked
20230222 18:43:34 INFO  [main] Reusable.BaseClass BaseClass.java171 - pass : name field element clicked
20230222 18:43:37 INFO  [main] Reusable.BaseClass BaseClass.java83 - closing the browser
20230222 18:43:37 INFO  [main] Reusable.BaseClass BaseClass.java60 - started testscript : recentlyCreated_TC27
20230222 18:43:46 INFO  [main] Reusable.BaseClass BaseClass.java171 - pass : login Button element clicked
20230222 18:43:46 INFO  [main] Reusable.BaseClass BaseClass.java171 - pass : Contact tab element clicked
20230222 18:43:52 INFO  [main] Reusable.BaseClass BaseClass.java171 - pass : recently created one element clicked
20230222 18:43:57 INFO  [main] Reusable.BaseClass BaseClass.java83 - closing the browser
20230222 18:43:57 INFO  [main] Reusable.BaseClass BaseClass.java60 - started testscript : viewNameError_TC30
20230222 18:44:01 INFO  [main] Reusable.BaseClass BaseClass.java171 - pass : login Button element clicked
20230222 18:44:07 INFO  [main] Reusable.BaseClass BaseClass.java171 - pass : Contact tab element clicked
20230222 18:44:11 INFO  [main] Reusable.BaseClass BaseClass.java171 - pass : create new view element clicked
20230222 18:44:11 INFO  [main] Reusable.BaseClass BaseClass.java171 - pass : save element clicked
20230222 18:44:17 INFO  [main] Reusable.BaseClass BaseClass.java83 - closing the browser
20230222 18:44:18 INFO  [main] Reusable.BaseClass BaseClass.java60 - started testscript : TC37
20230222 18:44:22 INFO  [main] Reusable.BaseClass BaseClass.java171 - pass : login Button element clicked
20230222 18:44:28 INFO  [main] Reusable.BaseClass BaseClass.java171 - pass : home element clicked
20230222 18:44:30 INFO  [main] Reusable.BaseClass BaseClass.java171 - pass : date element clicked
20230222 18:44:32 INFO  [main] Reusable.BaseClass BaseClass.java171 - pass : newevent element clicked
20230222 18:44:40 INFO  [main] Reusable.BaseClass BaseClass.java171 - pass : subCombo element clicked
20230222 18:44:40 INFO  [main] Random_TC33_37.RandomTestCases RandomTestCases.java188 - id of parent window CDwindow-3600CDC5876210D5617A55A7D5E63CDA
20230222 18:44:49 INFO  [main] Reusable.BaseClass BaseClass.java171 - pass : other element clicked
20230222 18:44:49 INFO  [main] Random_TC33_37.RandomTestCases RandomTestCases.java210 - clicked other
20230222 18:44:49 INFO  [main] Random_TC33_37.RandomTestCases RandomTestCases.java213 - moved parent window
20230222 18:44:49 INFO  [main] Reusable.BaseClass BaseClass.java171 - pass : endTime element clicked
20230222 18:44:52 INFO  [main] Reusable.BaseClass BaseClass.java171 - pass : recurrence element clicked
20230222 18:44:53 INFO  [main] Reusable.BaseClass BaseClass.java171 - pass : weeklyRadioButton element clicked
20230222 18:44:58 INFO  [main] Reusable.BaseClass BaseClass.java171 - pass : save element clicked
20230222 18:45:03 INFO  [main] Reusable.BaseClass BaseClass.java83 - closing the browser
20230222 18:45:03 INFO  [main] Reusable.BaseClass BaseClass.java60 - started testscript : blockingCalender_TC36
20230222 18:45:08 INFO  [main] Reusable.BaseClass BaseClass.java171 - pass : login Button element clicked
20230222 18:45:13 INFO  [main] Reusable.BaseClass BaseClass.java171 - pass : home element clicked
20230222 18:45:14 INFO  [main] Reusable.BaseClass BaseClass.java171 - pass : date element clicked
20230222 18:45:16 INFO  [main] Reusable.BaseClass BaseClass.java171 - pass : newevent element clicked
20230222 18:45:29 INFO  [main] Reusable.BaseClass BaseClass.java171 - pass : subCombo element clicked
20230222 18:45:29 INFO  [main] Random_TC33_37.RandomTestCases RandomTestCases.java133 - id of parent window CDwindow-6533DF291C9E569BCF1F1553CDB7F0B1
20230222 18:45:38 INFO  [main] Reusable.BaseClass BaseClass.java171 - pass : other element clicked
20230222 18:45:38 INFO  [main] Random_TC33_37.RandomTestCases RandomTestCases.java155 - clicked other
20230222 18:45:38 INFO  [main] Random_TC33_37.RandomTestCases RandomTestCases.java158 - moved parent window
20230222 18:45:38 INFO  [main] Reusable.BaseClass BaseClass.java171 - pass : endTime element clicked
20230222 18:45:43 INFO  [main] Reusable.BaseClass BaseClass.java171 - pass : save element clicked
20230222 18:45:48 INFO  [main] Reusable.BaseClass BaseClass.java83 - closing the browser
20230222 18:45:49 INFO  [main] Reusable.BaseClass BaseClass.java60 - started testscript : checkingProfileName_TC33
20230222 18:45:53 INFO  [main] Reusable.BaseClass BaseClass.java171 - pass : login Button element clicked
20230222 18:45:59 INFO  [main] Reusable.BaseClass BaseClass.java171 - pass : clickHome element clicked
20230222 18:46:01 INFO  [main] Reusable.BaseClass BaseClass.java171 - pass : clickName element clicked
20230222 18:46:01 INFO  [main] Random_TC33_37.RandomTestCases RandomTestCases.java28 - URL for name link https://tekarch70-dev-ed.develop.my.salesforce.com/_ui/core/userprofile/UserProfilePage
20230222 18:46:03 INFO  [main] Reusable.BaseClass BaseClass.java171 - pass : Clicked on user menu element clicked
20230222 18:46:04 INFO  [main] Reusable.BaseClass BaseClass.java171 - pass : profile element clicked
20230222 18:46:04 INFO  [main] Random_TC33_37.RandomTestCases RandomTestCases.java40 - My Profile URL https://tekarch70-dev-ed.develop.my.salesforce.com/_ui/core/userprofile/UserProfilePage
20230222 18:46:04 INFO  [main] Reusable.BaseClass BaseClass.java83 - closing the browser
20230222 18:46:04 INFO  [main] Reusable.BaseClass BaseClass.java60 - started testscript : tabCustom_TC35
20230222 18:46:09 INFO  [main] Reusable.BaseClass BaseClass.java171 - pass : login Button element clicked
20230222 18:46:13 INFO  [main] Reusable.BaseClass BaseClass.java171 - pass : plus element clicked
20230222 18:46:15 INFO  [main] Reusable.BaseClass BaseClass.java171 - pass : customizeTabs element clicked
20230222 18:46:46 INFO  [main] Reusable.BaseClass BaseClass.java83 - closing the browser
20230222 18:46:46 INFO  [main] Reusable.BaseClass BaseClass.java60 - started testscript : verifyEditedLastname_TC34
20230222 18:46:51 INFO  [main] Reusable.BaseClass BaseClass.java171 - pass : login Button element clicked
20230222 18:46:56 INFO  [main] Reusable.BaseClass BaseClass.java171 - pass : clickHome element clicked
20230222 18:46:57 INFO  [main] Reusable.BaseClass BaseClass.java171 - pass : clickName element clicked
20230222 18:47:00 INFO  [main] Reusable.BaseClass BaseClass.java171 - pass : edit element clicked
20230222 18:47:35 INFO  [main] Reusable.BaseClass BaseClass.java171 - pass : about element clicked
20230222 18:47:37 INFO  [main] Reusable.BaseClass BaseClass.java171 - pass : save element clicked
20230222 18:47:42 INFO  [main] Reusable.BaseClass BaseClass.java83 - closing the browser
20230222 18:47:42 INFO  [main] Reusable.BaseClass BaseClass.java60 - started testscript : display
20230222 18:47:47 INFO  [main] Reusable.BaseClass BaseClass.java171 - pass : login Button element clicked
20230222 18:47:53 INFO  [main] Reusable.BaseClass BaseClass.java171 - pass : UserMenu element clicked
20230222 18:48:01 INFO  [main] UserMenuDropDown_TC5_9.MySettings_TC7 MySettings_TC7.java66 - Reports tab added and available in top of salesforce page
20230222 18:48:01 INFO  [main] Reusable.BaseClass BaseClass.java83 - closing the browser
20230222 18:48:01 INFO  [main] Reusable.BaseClass BaseClass.java60 - started testscript : emailUpdate
20230222 18:48:07 INFO  [main] Reusable.BaseClass BaseClass.java171 - pass : login Button element clicked
20230222 18:48:12 INFO  [main] Reusable.BaseClass BaseClass.java171 - pass : UserMenu element clicked
20230222 18:48:22 INFO  [main] Reusable.BaseClass BaseClass.java83 - closing the browser
20230222 18:48:22 INFO  [main] Reusable.BaseClass BaseClass.java60 - started testscript : publiclink
20230222 18:48:27 INFO  [main] Reusable.BaseClass BaseClass.java171 - pass : login Button element clicked
20230222 18:48:32 INFO  [main] Reusable.BaseClass BaseClass.java171 - pass : UserMenu element clicked
20230222 18:48:32 INFO  [main] Reusable.BaseClass BaseClass.java171 - pass :  element clicked
20230222 18:48:32 INFO  [main] Reusable.BaseClass BaseClass.java171 - pass :  element clicked
20230222 18:48:36 INFO  [main] Reusable.BaseClass BaseClass.java83 - closing the browser
20230222 18:48:36 INFO  [main] Reusable.BaseClass BaseClass.java60 - started testscript : reminder
20230222 18:48:42 INFO  [main] Reusable.BaseClass BaseClass.java171 - pass : login Button element clicked
20230222 18:48:47 INFO  [main] Reusable.BaseClass BaseClass.java171 - pass : UserMenu element clicked
20230222 18:48:53 INFO  [main] Reusable.BaseClass BaseClass.java83 - closing the browser
20230222 18:48:54 INFO  [main] Reusable.BaseClass BaseClass.java60 - started testscript : dConsole
20230222 18:48:59 INFO  [main] Reusable.BaseClass BaseClass.java171 - pass : login Button element clicked
20230222 18:48:59 INFO  [main] UserMenuDropDown_TC5_9.DeveloperConsole_TC8 DeveloperConsole_TC8.java19 - now in homepage
20230222 18:49:04 INFO  [main] Reusable.BaseClass BaseClass.java171 - pass : Clicked on user menu element clicked
20230222 18:49:04 INFO  [main] Reusable.BaseClass BaseClass.java171 - pass : clicked developer console element clicked
20230222 18:49:07 INFO  [main] Reusable.BaseClass BaseClass.java83 - closing the browser
20230222 18:49:08 INFO  [main] Reusable.BaseClass BaseClass.java60 - started testscript : logOutSF_TC9
20230222 18:49:15 INFO  [main] Reusable.BaseClass BaseClass.java171 - pass : login Button element clicked
20230222 18:49:19 INFO  [main] Reusable.BaseClass BaseClass.java171 - pass : Clicked on user menu element clicked
20230222 18:49:19 INFO  [main] Reusable.BaseClass BaseClass.java171 - pass : logout element clicked
20230222 18:49:23 INFO  [main] Reusable.BaseClass BaseClass.java83 - closing the browser
20230222 19:03:33 INFO  [main] Reusable.BaseClass BaseClass.java60 - started testscript : error_LoginTC_1
20230222 19:03:37 INFO  [main] Reusable.BaseClass BaseClass.java171 - pass : login button element clicked
20230222 19:03:37 INFO  [main] Reusable.BaseClass BaseClass.java151 - Waiting for an Web element error message for its visiblity
20230222 19:03:37 INFO  [main] Reusable.BaseClass BaseClass.java83 - closing the browser
20230222 19:03:37 INFO  [main] Reusable.BaseClass BaseClass.java60 - started testscript : loginSF_TC_2
20230222 19:03:40 INFO  [main] Reusable.BaseClass BaseClass.java171 - pass : login Button element clicked
20230222 19:03:49 INFO  [main] SFDCLogin_TC1_4.Login Login.java34 - Expected webpage is : Home
20230222 19:03:49 INFO  [main] SFDCLogin_TC1_4.Login Login.java35 - Actual webpage is : Home
20230222 19:03:49 INFO  [main] Reusable.BaseClass BaseClass.java83 - closing the browser
20230222 19:03:49 INFO  [main] Reusable.BaseClass BaseClass.java60 - started testscript : forgot_Password_TC_4A
20230222 19:03:53 INFO  [main] Reusable.BaseClass BaseClass.java171 - pass : Continue element clicked
20230222 19:03:53 INFO  [main] Reusable.BaseClass BaseClass.java83 - closing the browser
20230222 19:03:53 INFO  [main] Reusable.BaseClass BaseClass.java60 - started testscript : checkRememberMe_TC_3
20230222 19:03:56 INFO  [main] Reusable.BaseClass BaseClass.java151 - Waiting for an Web element chkrememberme for its visiblity
20230222 19:03:59 INFO  [main] Reusable.BaseClass BaseClass.java171 - pass : login button element clicked
20230222 19:04:04 INFO  [main] Reusable.BaseClass BaseClass.java151 - Waiting for an Web element userMenu for its visiblity
20230222 19:04:08 INFO  [main] Reusable.BaseClass BaseClass.java151 - Waiting for an Web element UserName in the field for its visiblity
20230222 19:04:08 INFO  [main] Reusable.BaseClass BaseClass.java83 - closing the browser
20230222 19:04:08 INFO  [main] Reusable.BaseClass BaseClass.java60 - started testscript : login_error_msg_TC_4B
20230222 19:04:12 INFO  [main] Reusable.BaseClass BaseClass.java171 - pass : clicked login button element clicked
20230222 19:04:12 INFO  [main] Reusable.BaseClass BaseClass.java83 - closing the browser
